#
# There is insufficient memory for the Java Runtime Environment to continue.
# Native memory allocation (mmap) failed to map 396361728 bytes. Error detail: G1 virtual space
# Possible reasons:
#   The system is out of physical RAM or swap space
#   This process is running with CompressedOops enabled, and the Java Heap may be blocking the growth of the native heap
# Possible solutions:
#   Reduce memory load on the system
#   Increase physical memory or swap space
#   Check if swap backing store is full
#   Decrease Java heap size (-Xmx/-Xms)
#   Decrease number of Java threads
#   Decrease Java thread stack sizes (-Xss)
#   Set larger code cache with -XX:ReservedCodeCacheSize=
#   JVM is running with Unscaled Compressed Oops mode in which the Java heap is
#     placed in the first 4GB address space. The Java Heap base address is the
#     maximum limit for the native heap growth. Please use -XX:HeapBaseMinAddress
#     to set the Java Heap base and to place the Java Heap above 4GB virtual address.
# This output file may be truncated or incomplete.
#
#  Out of Memory Error (os_windows.cpp:3618), pid=32724, tid=37624
#
# JRE version: OpenJDK Runtime Environment Temurin-17.0.16+8 (17.0.16+8) (build 17.0.16+8)
# Java VM: OpenJDK 64-Bit Server VM Temurin-17.0.16+8 (17.0.16+8, mixed mode, sharing, tiered, compressed oops, compressed class ptrs, g1 gc, windows-amd64)
# No core dump will be written. Minidumps are not enabled by default on client versions of Windows
#

---------------  S U M M A R Y ------------

Command Line: -XX:MaxMetaspaceSize=512m --add-opens=java.base/java.util=ALL-UNNAMED --add-opens=java.base/java.lang=ALL-UNNAMED --add-opens=java.base/java.lang.invoke=ALL-UNNAMED --add-opens=java.prefs/java.util.prefs=ALL-UNNAMED --add-opens=java.base/java.nio.charset=ALL-UNNAMED --add-opens=java.base/java.net=ALL-UNNAMED --add-opens=java.base/java.util.concurrent.atomic=ALL-UNNAMED -Xmx2048m -Dfile.encoding=utf8 -Duser.country=TR -Duser.language=tr -Duser.variant -javaagent:C:\Users\Asus\.gradle\wrapper\dists\gradle-8.3-all\6en3ugtfdg5xnpx44z4qbwgas\gradle-8.3\lib\agents\gradle-instrumentation-agent-8.3.jar org.gradle.launcher.daemon.bootstrap.GradleDaemon 8.3

Host: 11th Gen Intel(R) Core(TM) i5-11400H @ 2.70GHz, 12 cores, 7G,  Windows 11 , 64 bit Build 26100 (10.0.26100.5074)
Time: Tue Oct 21 12:40:35 2025 Türkiye Standart Saati elapsed time: 15.333226 seconds (0d 0h 0m 15s)

---------------  T H R E A D  ---------------

Current thread (0x0000027716430be0):  VMThread "VM Thread" [stack: 0x000000a454d00000,0x000000a454e00000] [id=37624]

Stack: [0x000000a454d00000,0x000000a454e00000]
Native frames: (J=compiled Java code, j=interpreted, Vv=VM code, C=native code)
V  [jvm.dll+0x683169]
V  [jvm.dll+0x839ac8]
V  [jvm.dll+0x83b573]
V  [jvm.dll+0x83bbe3]
V  [jvm.dll+0x2473ff]
V  [jvm.dll+0x67ff49]
V  [jvm.dll+0x674e3a]
V  [jvm.dll+0x304ea6]
V  [jvm.dll+0x30c366]
V  [jvm.dll+0x35deee]
V  [jvm.dll+0x35e12d]
V  [jvm.dll+0x2dc26c]
V  [jvm.dll+0x2da60f]
V  [jvm.dll+0x2d9d7c]
V  [jvm.dll+0x31d55b]
V  [jvm.dll+0x84041d]
V  [jvm.dll+0x841153]
V  [jvm.dll+0x84167f]
V  [jvm.dll+0x841a64]
V  [jvm.dll+0x841b2e]
V  [jvm.dll+0x7e979c]
V  [jvm.dll+0x682047]
C  [ucrtbase.dll+0x37b0]
C  [KERNEL32.DLL+0x2e8d7]
C  [ntdll.dll+0x8d9c]

VM_Operation (0x000000a4565f11d0): G1CollectForAllocation, mode: safepoint, requested by thread 0x000002773800e230


---------------  P R O C E S S  ---------------

Threads class SMR info:
_java_thread_list=0x000002773b72d340, length=63, elements={
0x0000027776410c30, 0x0000027716434cd0, 0x00000277164357a0, 0x000002771644d3d0,
0x000002771644dca0, 0x000002771644e570, 0x000002771644fe50, 0x0000027716455e80,
0x0000027736008090, 0x0000027736038fd0, 0x0000027736130c70, 0x000002773621f020,
0x0000027737ad9ae0, 0x000002773800bec0, 0x000002773800e740, 0x000002773800d810,
0x000002773800b9b0, 0x000002773800dd20, 0x000002773800e230, 0x000002773800ec50,
0x000002773800b4a0, 0x000002773800c3d0, 0x000002773800c8e0, 0x000002773800cdf0,
0x0000027738dd5ec0, 0x0000027738dd4a80, 0x0000027738dd4f90, 0x0000027738dd63d0,
0x0000027738dd68e0, 0x0000027738dd4570, 0x0000027738dd54a0, 0x0000027738dd59b0,
0x0000027738dd3130, 0x0000027738dd3640, 0x0000027738dd3b50, 0x0000027738dd7810,
0x0000027738dd9b80, 0x0000027738dd8c50, 0x0000027738dd7d20, 0x0000027738dd9160,
0x0000027738dd8230, 0x0000027738dd8740, 0x0000027738ddaab0, 0x0000027738dda5a0,
0x0000027738dd9670, 0x0000027738dda090, 0x000002773ba34020, 0x000002773ba33600,
0x000002773ba36390, 0x000002773ba35460, 0x000002773bf9d030, 0x000002773b2a4210,
0x000002773b2a0a60, 0x000002773b2a4720, 0x000002773b2a0f70, 0x000002773b2a5b60,
0x000002773b2a6fa0, 0x000002773b2a5650, 0x000002773b2a6070, 0x000002773b2a6580,
0x000002773b2a6a90, 0x000002773b2a74b0, 0x000002773b2a7ed0
}

Java Threads: ( => current thread )
  0x0000027776410c30 JavaThread "main" [_thread_blocked, id=7344, stack(0x000000a454700000,0x000000a454800000)]
  0x0000027716434cd0 JavaThread "Reference Handler" daemon [_thread_blocked, id=19796, stack(0x000000a454e00000,0x000000a454f00000)]
  0x00000277164357a0 JavaThread "Finalizer" daemon [_thread_blocked, id=33276, stack(0x000000a454f00000,0x000000a455000000)]
  0x000002771644d3d0 JavaThread "Signal Dispatcher" daemon [_thread_blocked, id=27704, stack(0x000000a455000000,0x000000a455100000)]
  0x000002771644dca0 JavaThread "Attach Listener" daemon [_thread_blocked, id=11932, stack(0x000000a455100000,0x000000a455200000)]
  0x000002771644e570 JavaThread "Service Thread" daemon [_thread_blocked, id=21220, stack(0x000000a455200000,0x000000a455300000)]
  0x000002771644fe50 JavaThread "Monitor Deflation Thread" daemon [_thread_blocked, id=31680, stack(0x000000a455300000,0x000000a455400000)]
  0x0000027716455e80 JavaThread "C2 CompilerThread0" daemon [_thread_blocked, id=38872, stack(0x000000a455400000,0x000000a455500000)]
  0x0000027736008090 JavaThread "C1 CompilerThread0" daemon [_thread_blocked, id=13056, stack(0x000000a455500000,0x000000a455600000)]
  0x0000027736038fd0 JavaThread "Sweeper thread" daemon [_thread_blocked, id=35024, stack(0x000000a455600000,0x000000a455700000)]
  0x0000027736130c70 JavaThread "Common-Cleaner" daemon [_thread_blocked, id=6400, stack(0x000000a455700000,0x000000a455800000)]
  0x000002773621f020 JavaThread "Notification Thread" daemon [_thread_blocked, id=30608, stack(0x000000a455800000,0x000000a455900000)]
  0x0000027737ad9ae0 JavaThread "Daemon health stats" [_thread_blocked, id=37372, stack(0x000000a455f00000,0x000000a456000000)]
  0x000002773800bec0 JavaThread "Incoming local TCP Connector on port 59480" [_thread_in_native, id=33968, stack(0x000000a456000000,0x000000a456100000)]
  0x000002773800e740 JavaThread "Daemon periodic checks" [_thread_blocked, id=23064, stack(0x000000a456100000,0x000000a456200000)]
  0x000002773800d810 JavaThread "Daemon" [_thread_blocked, id=28408, stack(0x000000a456200000,0x000000a456300000)]
  0x000002773800b9b0 JavaThread "Handler for socket connection from /127.0.0.1:59480 to /127.0.0.1:59481" [_thread_in_native, id=2824, stack(0x000000a456300000,0x000000a456400000)]
  0x000002773800dd20 JavaThread "Cancel handler" [_thread_blocked, id=23948, stack(0x000000a456400000,0x000000a456500000)]
  0x000002773800e230 JavaThread "Daemon worker" [_thread_blocked, id=132, stack(0x000000a456500000,0x000000a456600000)]
  0x000002773800ec50 JavaThread "Asynchronous log dispatcher for DefaultDaemonConnection: socket connection from /127.0.0.1:59480 to /127.0.0.1:59481" [_thread_blocked, id=24504, stack(0x000000a456600000,0x000000a456700000)]
  0x000002773800b4a0 JavaThread "Stdin handler" [_thread_blocked, id=19816, stack(0x000000a456700000,0x000000a456800000)]
  0x000002773800c3d0 JavaThread "Daemon client event forwarder" [_thread_blocked, id=35664, stack(0x000000a456800000,0x000000a456900000)]
  0x000002773800c8e0 JavaThread "Cache worker for journal cache (C:\Users\Asus\.gradle\caches\journal-1)" [_thread_blocked, id=25948, stack(0x000000a456900000,0x000000a456a00000)]
  0x000002773800cdf0 JavaThread "File lock request listener" [_thread_in_native, id=30460, stack(0x000000a456a00000,0x000000a456b00000)]
  0x0000027738dd5ec0 JavaThread "Cache worker for file hash cache (C:\Users\Asus\.gradle\caches\8.3\fileHashes)" [_thread_blocked, id=36840, stack(0x000000a456b00000,0x000000a456c00000)]
  0x0000027738dd4a80 JavaThread "File watcher server" daemon [_thread_in_native, id=26936, stack(0x000000a457200000,0x000000a457300000)]
  0x0000027738dd4f90 JavaThread "File watcher consumer" daemon [_thread_blocked, id=34012, stack(0x000000a457300000,0x000000a457400000)]
  0x0000027738dd63d0 JavaThread "Cache worker for checksums cache (C:\dev\fullstack-ai-chat\mobile\android\.gradle\8.3\checksums)" [_thread_blocked, id=9264, stack(0x000000a457400000,0x000000a457500000)]
  0x0000027738dd68e0 JavaThread "Cache worker for file hash cache (C:\dev\fullstack-ai-chat\mobile\android\.gradle\8.3\fileHashes)" [_thread_blocked, id=3932, stack(0x000000a457700000,0x000000a457800000)]
  0x0000027738dd4570 JavaThread "Cache worker for cache directory md-supplier (C:\Users\Asus\.gradle\caches\8.3\md-supplier)" [_thread_blocked, id=3176, stack(0x000000a457800000,0x000000a457900000)]
  0x0000027738dd54a0 JavaThread "Cache worker for file content cache (C:\Users\Asus\.gradle\caches\8.3\fileContent)" [_thread_blocked, id=15428, stack(0x000000a457900000,0x000000a457a00000)]
  0x0000027738dd59b0 JavaThread "Cache worker for cache directory md-rule (C:\Users\Asus\.gradle\caches\8.3\md-rule)" [_thread_blocked, id=15924, stack(0x000000a457a00000,0x000000a457b00000)]
  0x0000027738dd3130 JavaThread "Cache worker for execution history cache (C:\Users\Asus\.gradle\caches\8.3\executionHistory)" [_thread_blocked, id=21600, stack(0x000000a457b00000,0x000000a457c00000)]
  0x0000027738dd3640 JavaThread "jar transforms" [_thread_blocked, id=38464, stack(0x000000a457c00000,0x000000a457d00000)]
  0x0000027738dd3b50 JavaThread "jar transforms Thread 2" [_thread_blocked, id=12060, stack(0x000000a457d00000,0x000000a457e00000)]
  0x0000027738dd7810 JavaThread "jar transforms Thread 3" [_thread_blocked, id=28796, stack(0x000000a457e00000,0x000000a457f00000)]
  0x0000027738dd9b80 JavaThread "jar transforms Thread 4" [_thread_blocked, id=22800, stack(0x000000a457f00000,0x000000a458000000)]
  0x0000027738dd8c50 JavaThread "jar transforms Thread 5" [_thread_blocked, id=20508, stack(0x000000a458000000,0x000000a458100000)]
  0x0000027738dd7d20 JavaThread "jar transforms Thread 6" [_thread_blocked, id=18976, stack(0x000000a458100000,0x000000a458200000)]
  0x0000027738dd9160 JavaThread "Cache worker for kotlin-dsl (C:\Users\Asus\.gradle\caches\8.3\kotlin-dsl)" [_thread_blocked, id=30940, stack(0x000000a457100000,0x000000a457200000)]
  0x0000027738dd8230 JavaThread "jar transforms Thread 7" [_thread_blocked, id=11248, stack(0x000000a458200000,0x000000a458300000)]
  0x0000027738dd8740 JavaThread "jar transforms Thread 8" [_thread_blocked, id=30888, stack(0x000000a458300000,0x000000a458400000)]
  0x0000027738ddaab0 JavaThread "Unconstrained build operations" [_thread_blocked, id=33608, stack(0x000000a458400000,0x000000a458500000)]
  0x0000027738dda5a0 JavaThread "Unconstrained build operations Thread 2" [_thread_blocked, id=23044, stack(0x000000a458500000,0x000000a458600000)]
  0x0000027738dd9670 JavaThread "jar transforms Thread 9" [_thread_blocked, id=35936, stack(0x000000a458600000,0x000000a458700000)]
  0x0000027738dda090 JavaThread "jar transforms Thread 10" [_thread_blocked, id=32388, stack(0x000000a458700000,0x000000a458800000)]
  0x000002773ba34020 JavaThread "jar transforms Thread 11" [_thread_blocked, id=2996, stack(0x000000a458800000,0x000000a458900000)]
  0x000002773ba33600 JavaThread "jar transforms Thread 12" [_thread_blocked, id=31348, stack(0x000000a458900000,0x000000a458a00000)]
  0x000002773ba36390 JavaThread "Cache worker for dependencies-accessors (C:\dev\fullstack-ai-chat\mobile\android\.gradle\8.3\dependencies-accessors)" [_thread_blocked, id=23180, stack(0x000000a458a00000,0x000000a458b00000)]
  0x000002773ba35460 JavaThread "Cache worker for Build Output Cleanup Cache (C:\dev\fullstack-ai-chat\mobile\node_modules\@react-native\gradle-plugin\.gradle\buildOutputCleanup)" [_thread_blocked, id=32896, stack(0x000000a458b00000,0x000000a458c00000)]
  0x000002773bf9d030 JavaThread "C2 CompilerThread1" daemon [_thread_blocked, id=36456, stack(0x000000a455a00000,0x000000a455b00000)]
  0x000002773b2a4210 JavaThread "Unconstrained build operations Thread 3" [_thread_blocked, id=30660, stack(0x000000a458c00000,0x000000a458d00000)]
  0x000002773b2a0a60 JavaThread "Unconstrained build operations Thread 4" [_thread_blocked, id=16920, stack(0x000000a459200000,0x000000a459300000)]
  0x000002773b2a4720 JavaThread "Unconstrained build operations Thread 5" [_thread_blocked, id=4088, stack(0x000000a459300000,0x000000a459400000)]
  0x000002773b2a0f70 JavaThread "Unconstrained build operations Thread 6" [_thread_blocked, id=26208, stack(0x000000a459400000,0x000000a459500000)]
  0x000002773b2a5b60 JavaThread "Unconstrained build operations Thread 7" [_thread_blocked, id=816, stack(0x000000a459500000,0x000000a459600000)]
  0x000002773b2a6fa0 JavaThread "Unconstrained build operations Thread 8" [_thread_blocked, id=33936, stack(0x000000a459600000,0x000000a459700000)]
  0x000002773b2a5650 JavaThread "Unconstrained build operations Thread 9" [_thread_blocked, id=26744, stack(0x000000a459700000,0x000000a459800000)]
  0x000002773b2a6070 JavaThread "Unconstrained build operations Thread 10" [_thread_blocked, id=32108, stack(0x000000a459800000,0x000000a459900000)]
  0x000002773b2a6580 JavaThread "Unconstrained build operations Thread 11" [_thread_blocked, id=29324, stack(0x000000a459900000,0x000000a459a00000)]
  0x000002773b2a6a90 JavaThread "Unconstrained build operations Thread 12" [_thread_blocked, id=20776, stack(0x000000a459a00000,0x000000a459b00000)]
  0x000002773b2a74b0 JavaThread "Unconstrained build operations Thread 13" [_thread_blocked, id=7048, stack(0x000000a459b00000,0x000000a459c00000)]
  0x000002773b2a7ed0 JavaThread "Memory manager" [_thread_blocked, id=32900, stack(0x000000a459c00000,0x000000a459d00000)]

Other Threads:
=>0x0000027716430be0 VMThread "VM Thread" [stack: 0x000000a454d00000,0x000000a454e00000] [id=37624]
  0x00000277361aa700 WatcherThread [stack: 0x000000a455900000,0x000000a455a00000] [id=27836]
  0x000002777646ed90 GCTaskThread "GC Thread#0" [stack: 0x000000a454800000,0x000000a454900000] [id=33752]
  0x00000277370eca40 GCTaskThread "GC Thread#1" [stack: 0x000000a455b00000,0x000000a455c00000] [id=33544]
  0x0000027736d0c930 GCTaskThread "GC Thread#2" [stack: 0x000000a455c00000,0x000000a455d00000] [id=25100]
  0x0000027736d8f2d0 GCTaskThread "GC Thread#3" [stack: 0x000000a455d00000,0x000000a455e00000] [id=27492]
  0x0000027736c7b410 GCTaskThread "GC Thread#4" [stack: 0x000000a455e00000,0x000000a455f00000] [id=21908]
  0x0000027737cc8c90 GCTaskThread "GC Thread#5" [stack: 0x000000a456c00000,0x000000a456d00000] [id=15532]
  0x00000277386953a0 GCTaskThread "GC Thread#6" [stack: 0x000000a456d00000,0x000000a456e00000] [id=15392]
  0x0000027738a21ba0 GCTaskThread "GC Thread#7" [stack: 0x000000a456e00000,0x000000a456f00000] [id=14608]
  0x0000027738e24030 GCTaskThread "GC Thread#8" [stack: 0x000000a456f00000,0x000000a457000000] [id=31708]
  0x0000027738e242f0 GCTaskThread "GC Thread#9" [stack: 0x000000a457000000,0x000000a457100000] [id=6236]
  0x0000027776482ce0 ConcurrentGCThread "G1 Main Marker" [stack: 0x000000a454900000,0x000000a454a00000] [id=9024]
  0x00000277764844c0 ConcurrentGCThread "G1 Conc#0" [stack: 0x000000a454a00000,0x000000a454b00000] [id=29132]
  0x000002773ab068d0 ConcurrentGCThread "G1 Conc#1" [stack: 0x000000a457500000,0x000000a457600000] [id=34960]
  0x000002773ab06e50 ConcurrentGCThread "G1 Conc#2" [stack: 0x000000a457600000,0x000000a457700000] [id=24692]
  0x00000277162dbfe0 ConcurrentGCThread "G1 Refine#0" [stack: 0x000000a454b00000,0x000000a454c00000] [id=35260]
  0x000002773a8cf040 ConcurrentGCThread "G1 Refine#1" [stack: 0x000000a458d00000,0x000000a458e00000] [id=31476]
  0x000002773a8ce190 ConcurrentGCThread "G1 Refine#2" [stack: 0x000000a458e00000,0x000000a458f00000] [id=14240]
  0x000002773a8d0da0 ConcurrentGCThread "G1 Refine#3" [stack: 0x000000a458f00000,0x000000a459000000] [id=15384]
  0x000002773a8d01e0 ConcurrentGCThread "G1 Refine#4" [stack: 0x000000a459000000,0x000000a459100000] [id=4564]
  0x000002773a8cdbb0 ConcurrentGCThread "G1 Refine#5" [stack: 0x000000a459100000,0x000000a459200000] [id=26252]
  0x00000277162dc6c0 ConcurrentGCThread "G1 Service" [stack: 0x000000a454c00000,0x000000a454d00000] [id=26416]

Threads with active compile tasks:
C2 CompilerThread0    15355 11138       4       org.jetbrains.org.objectweb.asm.ClassReader::readMethod (1061 bytes)
C1 CompilerThread0    15355 11169       3       org.jetbrains.kotlin.renderer.DescriptorRendererImpl::renderName (68 bytes)
C2 CompilerThread1    15355 10777       4       org.jetbrains.kotlin.protobuf.GeneratedMessageLite::parseUnknownField (518 bytes)

VM state: at safepoint (normal execution)

VM Mutex/Monitor currently owned by a thread:  ([mutex/lock_event])
[0x000002777616d2c0] Threads_lock - owner thread: 0x0000027716430be0
[0x00000277763fe250] Heap_lock - owner thread: 0x000002773800e230

Heap address: 0x0000000080000000, size: 2048 MB, Compressed Oops mode: 32-bit

CDS archive(s) mapped at: [0x0000027717000000-0x0000027717bb0000-0x0000027717bb0000), size 12255232, SharedBaseAddress: 0x0000027717000000, ArchiveRelocationMode: 1.
Compressed class space mapped at: 0x0000027718000000-0x0000027732000000, reserved size: 436207616
Narrow klass base: 0x0000027717000000, Narrow klass shift: 0, Narrow klass range: 0x100000000

GC Precious Log:
 CPUs: 12 total, 12 available
 Memory: 7914M
 Large Page Support: Disabled
 NUMA Support: Disabled
 Compressed Oops: Enabled (32-bit)
 Heap Region Size: 1M
 Heap Min Capacity: 8M
 Heap Initial Capacity: 124M
 Heap Max Capacity: 2G
 Pre-touch: Disabled
 Parallel Workers: 10
 Concurrent Workers: 3
 Concurrent Refinement Workers: 10
 Periodic GC: Disabled

Heap:
 garbage-first heap   total 193536K, used 117723K [0x0000000080000000, 0x0000000100000000)
  region size 1024K, 6 young (6144K), 6 survivors (6144K)
 Metaspace       used 117649K, committed 118400K, reserved 557056K
  class space    used 15525K, committed 15872K, reserved 425984K

Heap Regions: E=young(eden), S=young(survivor), O=old, HS=humongous(starts), HC=humongous(continues), CS=collection set, F=free, OA=open archive, CA=closed archive, TAMS=top-at-mark-start (previous, next)
|   0|0x0000000080000000, 0x0000000080100000, 0x0000000080100000|100%|HS|  |TAMS 0x0000000080100000, 0x0000000080000000| Complete 
|   1|0x0000000080100000, 0x0000000080200000, 0x0000000080200000|100%|HC|  |TAMS 0x0000000080200000, 0x0000000080100000| Complete 
|   2|0x0000000080200000, 0x0000000080300000, 0x0000000080300000|100%|HC|  |TAMS 0x0000000080300000, 0x0000000080200000| Complete 
|   3|0x0000000080300000, 0x0000000080400000, 0x0000000080400000|100%|HC|  |TAMS 0x0000000080400000, 0x0000000080300000| Complete 
|   4|0x0000000080400000, 0x0000000080500000, 0x0000000080500000|100%| O|  |TAMS 0x0000000080500000, 0x0000000080400000| Untracked 
|   5|0x0000000080500000, 0x0000000080600000, 0x0000000080600000|100%| O|  |TAMS 0x0000000080600000, 0x0000000080500000| Untracked 
|   6|0x0000000080600000, 0x0000000080700000, 0x0000000080700000|100%| O|  |TAMS 0x0000000080700000, 0x0000000080600000| Untracked 
|   7|0x0000000080700000, 0x0000000080800000, 0x0000000080800000|100%| O|  |TAMS 0x0000000080800000, 0x0000000080700000| Untracked 
|   8|0x0000000080800000, 0x0000000080900000, 0x0000000080900000|100%| O|  |TAMS 0x0000000080900000, 0x0000000080800000| Untracked 
|   9|0x0000000080900000, 0x0000000080a00000, 0x0000000080a00000|100%| O|  |TAMS 0x0000000080a00000, 0x0000000080900000| Untracked 
|  10|0x0000000080a00000, 0x0000000080b00000, 0x0000000080b00000|100%| O|  |TAMS 0x0000000080b00000, 0x0000000080a00000| Untracked 
|  11|0x0000000080b00000, 0x0000000080c00000, 0x0000000080c00000|100%| O|  |TAMS 0x0000000080c00000, 0x0000000080b00000| Untracked 
|  12|0x0000000080c00000, 0x0000000080d00000, 0x0000000080d00000|100%| O|  |TAMS 0x0000000080d00000, 0x0000000080c00000| Untracked 
|  13|0x0000000080d00000, 0x0000000080e00000, 0x0000000080e00000|100%| O|  |TAMS 0x0000000080e00000, 0x0000000080d00000| Untracked 
|  14|0x0000000080e00000, 0x0000000080f00000, 0x0000000080f00000|100%| O|  |TAMS 0x0000000080f00000, 0x0000000080e00000| Untracked 
|  15|0x0000000080f00000, 0x0000000081000000, 0x0000000081000000|100%| O|  |TAMS 0x0000000081000000, 0x0000000080f00000| Untracked 
|  16|0x0000000081000000, 0x0000000081100000, 0x0000000081100000|100%| O|  |TAMS 0x0000000081100000, 0x0000000081000000| Untracked 
|  17|0x0000000081100000, 0x0000000081200000, 0x0000000081200000|100%| O|  |TAMS 0x0000000081200000, 0x0000000081100000| Untracked 
|  18|0x0000000081200000, 0x0000000081300000, 0x0000000081300000|100%| O|  |TAMS 0x0000000081300000, 0x0000000081200000| Untracked 
|  19|0x0000000081300000, 0x00000000813e5000, 0x0000000081400000| 89%| O|  |TAMS 0x00000000813e5000, 0x0000000081300000| Untracked 
|  20|0x0000000081400000, 0x0000000081500000, 0x0000000081500000|100%| O|  |TAMS 0x0000000081500000, 0x0000000081400000| Untracked 
|  21|0x0000000081500000, 0x0000000081600000, 0x0000000081600000|100%| O|  |TAMS 0x0000000081600000, 0x0000000081500000| Untracked 
|  22|0x0000000081600000, 0x0000000081700000, 0x0000000081700000|100%| O|  |TAMS 0x0000000081700000, 0x0000000081600000| Untracked 
|  23|0x0000000081700000, 0x0000000081800000, 0x0000000081800000|100%| O|  |TAMS 0x0000000081800000, 0x0000000081700000| Untracked 
|  24|0x0000000081800000, 0x0000000081900000, 0x0000000081900000|100%| O|  |TAMS 0x0000000081900000, 0x0000000081800000| Untracked 
|  25|0x0000000081900000, 0x0000000081a00000, 0x0000000081a00000|100%| O|  |TAMS 0x0000000081a00000, 0x0000000081900000| Untracked 
|  26|0x0000000081a00000, 0x0000000081b00000, 0x0000000081b00000|100%| O|  |TAMS 0x0000000081a00000, 0x0000000081a00000| Untracked 
|  27|0x0000000081b00000, 0x0000000081c00000, 0x0000000081c00000|100%| O|  |TAMS 0x0000000081c00000, 0x0000000081b00000| Untracked 
|  28|0x0000000081c00000, 0x0000000081d00000, 0x0000000081d00000|100%| O|  |TAMS 0x0000000081d00000, 0x0000000081c00000| Untracked 
|  29|0x0000000081d00000, 0x0000000081e00000, 0x0000000081e00000|100%| O|  |TAMS 0x0000000081e00000, 0x0000000081d00000| Untracked 
|  30|0x0000000081e00000, 0x0000000081f00000, 0x0000000081f00000|100%| O|  |TAMS 0x0000000081f00000, 0x0000000081e00000| Untracked 
|  31|0x0000000081f00000, 0x0000000082000000, 0x0000000082000000|100%| O|  |TAMS 0x0000000082000000, 0x0000000081f00000| Untracked 
|  32|0x0000000082000000, 0x0000000082100000, 0x0000000082100000|100%| O|  |TAMS 0x0000000082100000, 0x0000000082000000| Untracked 
|  33|0x0000000082100000, 0x0000000082200000, 0x0000000082200000|100%| O|  |TAMS 0x0000000082200000, 0x0000000082100000| Untracked 
|  34|0x0000000082200000, 0x0000000082300000, 0x0000000082300000|100%| O|  |TAMS 0x0000000082300000, 0x0000000082200000| Untracked 
|  35|0x0000000082300000, 0x0000000082400000, 0x0000000082400000|100%| O|  |TAMS 0x0000000082400000, 0x0000000082300000| Untracked 
|  36|0x0000000082400000, 0x0000000082500000, 0x0000000082500000|100%| O|  |TAMS 0x0000000082500000, 0x0000000082400000| Untracked 
|  37|0x0000000082500000, 0x0000000082600000, 0x0000000082600000|100%| O|  |TAMS 0x0000000082600000, 0x0000000082500000| Untracked 
|  38|0x0000000082600000, 0x0000000082700000, 0x0000000082700000|100%| O|  |TAMS 0x0000000082700000, 0x0000000082600000| Untracked 
|  39|0x0000000082700000, 0x0000000082800000, 0x0000000082800000|100%| O|  |TAMS 0x0000000082800000, 0x0000000082700000| Untracked 
|  40|0x0000000082800000, 0x0000000082900000, 0x0000000082900000|100%| O|  |TAMS 0x0000000082900000, 0x0000000082800000| Untracked 
|  41|0x0000000082900000, 0x0000000082a00000, 0x0000000082a00000|100%| O|  |TAMS 0x0000000082a00000, 0x0000000082900000| Untracked 
|  42|0x0000000082a00000, 0x0000000082b00000, 0x0000000082b00000|100%| O|  |TAMS 0x0000000082b00000, 0x0000000082a00000| Untracked 
|  43|0x0000000082b00000, 0x0000000082c00000, 0x0000000082c00000|100%| O|  |TAMS 0x0000000082c00000, 0x0000000082b00000| Untracked 
|  44|0x0000000082c00000, 0x0000000082d00000, 0x0000000082d00000|100%| O|  |TAMS 0x0000000082d00000, 0x0000000082c00000| Untracked 
|  45|0x0000000082d00000, 0x0000000082e00000, 0x0000000082e00000|100%| O|  |TAMS 0x0000000082e00000, 0x0000000082d00000| Untracked 
|  46|0x0000000082e00000, 0x0000000082f00000, 0x0000000082f00000|100%| O|  |TAMS 0x0000000082f00000, 0x0000000082e00000| Untracked 
|  47|0x0000000082f00000, 0x0000000083000000, 0x0000000083000000|100%| O|  |TAMS 0x0000000083000000, 0x0000000082f00000| Untracked 
|  48|0x0000000083000000, 0x0000000083100000, 0x0000000083100000|100%| O|  |TAMS 0x0000000083100000, 0x0000000083000000| Untracked 
|  49|0x0000000083100000, 0x0000000083200000, 0x0000000083200000|100%| O|  |TAMS 0x0000000083200000, 0x0000000083100000| Untracked 
|  50|0x0000000083200000, 0x0000000083300000, 0x0000000083300000|100%| O|  |TAMS 0x0000000083300000, 0x0000000083200000| Untracked 
|  51|0x0000000083300000, 0x0000000083400000, 0x0000000083400000|100%| O|  |TAMS 0x0000000083400000, 0x0000000083300000| Untracked 
|  52|0x0000000083400000, 0x0000000083500000, 0x0000000083500000|100%| O|  |TAMS 0x0000000083500000, 0x0000000083400000| Untracked 
|  53|0x0000000083500000, 0x0000000083600000, 0x0000000083600000|100%| O|  |TAMS 0x0000000083600000, 0x0000000083500000| Untracked 
|  54|0x0000000083600000, 0x0000000083700000, 0x0000000083700000|100%| O|  |TAMS 0x0000000083700000, 0x0000000083600000| Untracked 
|  55|0x0000000083700000, 0x0000000083800000, 0x0000000083800000|100%| O|  |TAMS 0x0000000083800000, 0x0000000083700000| Untracked 
|  56|0x0000000083800000, 0x0000000083900000, 0x0000000083900000|100%|HS|  |TAMS 0x0000000083900000, 0x0000000083800000| Complete 
|  57|0x0000000083900000, 0x0000000083a00000, 0x0000000083a00000|100%|HC|  |TAMS 0x0000000083a00000, 0x0000000083900000| Complete 
|  58|0x0000000083a00000, 0x0000000083b00000, 0x0000000083b00000|100%|HC|  |TAMS 0x0000000083b00000, 0x0000000083a00000| Complete 
|  59|0x0000000083b00000, 0x0000000083c00000, 0x0000000083c00000|100%|HC|  |TAMS 0x0000000083c00000, 0x0000000083b00000| Complete 
|  60|0x0000000083c00000, 0x0000000083d00000, 0x0000000083d00000|100%|HC|  |TAMS 0x0000000083d00000, 0x0000000083c00000| Complete 
|  61|0x0000000083d00000, 0x0000000083e00000, 0x0000000083e00000|100%|HC|  |TAMS 0x0000000083e00000, 0x0000000083d00000| Complete 
|  62|0x0000000083e00000, 0x0000000083f00000, 0x0000000083f00000|100%|HS|  |TAMS 0x0000000083f00000, 0x0000000083e00000| Complete 
|  63|0x0000000083f00000, 0x0000000084000000, 0x0000000084000000|100%| O|  |TAMS 0x0000000084000000, 0x0000000083f00000| Untracked 
|  64|0x0000000084000000, 0x0000000084100000, 0x0000000084100000|100%| O|  |TAMS 0x0000000084100000, 0x0000000084000000| Untracked 
|  65|0x0000000084100000, 0x0000000084200000, 0x0000000084200000|100%| O|  |TAMS 0x0000000084200000, 0x0000000084100000| Untracked 
|  66|0x0000000084200000, 0x0000000084300000, 0x0000000084300000|100%| O|  |TAMS 0x0000000084300000, 0x0000000084200000| Untracked 
|  67|0x0000000084300000, 0x0000000084400000, 0x0000000084400000|100%| O|  |TAMS 0x0000000084400000, 0x0000000084300000| Untracked 
|  68|0x0000000084400000, 0x0000000084500000, 0x0000000084500000|100%| O|  |TAMS 0x0000000084500000, 0x0000000084400000| Untracked 
|  69|0x0000000084500000, 0x0000000084600000, 0x0000000084600000|100%| O|  |TAMS 0x0000000084600000, 0x0000000084500000| Untracked 
|  70|0x0000000084600000, 0x0000000084700000, 0x0000000084700000|100%| O|  |TAMS 0x0000000084700000, 0x0000000084600000| Untracked 
|  71|0x0000000084700000, 0x0000000084800000, 0x0000000084800000|100%| O|  |TAMS 0x0000000084800000, 0x0000000084700000| Untracked 
|  72|0x0000000084800000, 0x0000000084800000, 0x0000000084900000|  0%| F|  |TAMS 0x0000000084800000, 0x0000000084800000| Untracked 
|  73|0x0000000084900000, 0x0000000084900000, 0x0000000084a00000|  0%| F|  |TAMS 0x0000000084900000, 0x0000000084900000| Untracked 
|  74|0x0000000084a00000, 0x0000000084a00000, 0x0000000084b00000|  0%| F|  |TAMS 0x0000000084a00000, 0x0000000084a00000| Untracked 
|  75|0x0000000084b00000, 0x0000000084c00000, 0x0000000084c00000|100%|HS|  |TAMS 0x0000000084c00000, 0x0000000084b00000| Complete 
|  76|0x0000000084c00000, 0x0000000084d00000, 0x0000000084d00000|100%|HC|  |TAMS 0x0000000084d00000, 0x0000000084c00000| Complete 
|  77|0x0000000084d00000, 0x0000000084e00000, 0x0000000084e00000|100%|HS|  |TAMS 0x0000000084e00000, 0x0000000084d00000| Complete 
|  78|0x0000000084e00000, 0x0000000084f00000, 0x0000000084f00000|100%|HC|  |TAMS 0x0000000084f00000, 0x0000000084e00000| Complete 
|  79|0x0000000084f00000, 0x0000000085000000, 0x0000000085000000|100%| O|  |TAMS 0x0000000085000000, 0x0000000084f00000| Untracked 
|  80|0x0000000085000000, 0x0000000085100000, 0x0000000085100000|100%| O|  |TAMS 0x0000000085100000, 0x0000000085000000| Untracked 
|  81|0x0000000085100000, 0x0000000085200000, 0x0000000085200000|100%| O|  |TAMS 0x0000000085200000, 0x0000000085100000| Untracked 
|  82|0x0000000085200000, 0x0000000085300000, 0x0000000085300000|100%|HS|  |TAMS 0x0000000085300000, 0x0000000085200000| Complete 
|  83|0x0000000085300000, 0x0000000085400000, 0x0000000085400000|100%|HC|  |TAMS 0x0000000085400000, 0x0000000085300000| Complete 
|  84|0x0000000085400000, 0x0000000085500000, 0x0000000085500000|100%|HC|  |TAMS 0x0000000085500000, 0x0000000085400000| Complete 
|  85|0x0000000085500000, 0x0000000085600000, 0x0000000085600000|100%|HC|  |TAMS 0x0000000085600000, 0x0000000085500000| Complete 
|  86|0x0000000085600000, 0x0000000085700000, 0x0000000085700000|100%|HS|  |TAMS 0x0000000085700000, 0x0000000085600000| Complete 
|  87|0x0000000085700000, 0x0000000085800000, 0x0000000085800000|100%|HC|  |TAMS 0x0000000085800000, 0x0000000085700000| Complete 
|  88|0x0000000085800000, 0x0000000085900000, 0x0000000085900000|100%|HC|  |TAMS 0x0000000085900000, 0x0000000085800000| Complete 
|  89|0x0000000085900000, 0x0000000085a00000, 0x0000000085a00000|100%|HC|  |TAMS 0x0000000085a00000, 0x0000000085900000| Complete 
|  90|0x0000000085a00000, 0x0000000085b00000, 0x0000000085b00000|100%| O|  |TAMS 0x0000000085b00000, 0x0000000085a00000| Untracked 
|  91|0x0000000085b00000, 0x0000000085c00000, 0x0000000085c00000|100%| O|  |TAMS 0x0000000085c00000, 0x0000000085b00000| Untracked 
|  92|0x0000000085c00000, 0x0000000085d00000, 0x0000000085d00000|100%| O|  |TAMS 0x0000000085d00000, 0x0000000085c00000| Untracked 
|  93|0x0000000085d00000, 0x0000000085e00000, 0x0000000085e00000|100%| O|  |TAMS 0x0000000085e00000, 0x0000000085d00000| Untracked 
|  94|0x0000000085e00000, 0x0000000085f00000, 0x0000000085f00000|100%| O|  |TAMS 0x0000000085f00000, 0x0000000085e00000| Untracked 
|  95|0x0000000085f00000, 0x0000000086000000, 0x0000000086000000|100%| O|  |TAMS 0x0000000086000000, 0x0000000085f00000| Untracked 
|  96|0x0000000086000000, 0x0000000086100000, 0x0000000086100000|100%| O|  |TAMS 0x0000000086092200, 0x0000000086000000| Untracked 
|  97|0x0000000086100000, 0x0000000086200000, 0x0000000086200000|100%| O|  |TAMS 0x0000000086100000, 0x0000000086100000| Untracked 
|  98|0x0000000086200000, 0x0000000086300000, 0x0000000086300000|100%| O|  |TAMS 0x0000000086200000, 0x0000000086200000| Untracked 
|  99|0x0000000086300000, 0x0000000086400000, 0x0000000086400000|100%| O|  |TAMS 0x0000000086300000, 0x0000000086300000| Untracked 
| 100|0x0000000086400000, 0x0000000086500000, 0x0000000086500000|100%| O|  |TAMS 0x0000000086400000, 0x0000000086400000| Untracked 
| 101|0x0000000086500000, 0x0000000086600000, 0x0000000086600000|100%| O|  |TAMS 0x0000000086500000, 0x0000000086500000| Untracked 
| 102|0x0000000086600000, 0x0000000086700000, 0x0000000086700000|100%| O|  |TAMS 0x0000000086600000, 0x0000000086600000| Untracked 
| 103|0x0000000086700000, 0x0000000086800000, 0x0000000086800000|100%| O|  |TAMS 0x0000000086700000, 0x0000000086700000| Untracked 
| 104|0x0000000086800000, 0x0000000086900000, 0x0000000086900000|100%| O|  |TAMS 0x0000000086800000, 0x0000000086800000| Untracked 
| 105|0x0000000086900000, 0x0000000086a00000, 0x0000000086a00000|100%| O|  |TAMS 0x0000000086900000, 0x0000000086900000| Untracked 
| 106|0x0000000086a00000, 0x0000000086b00000, 0x0000000086b00000|100%| O|  |TAMS 0x0000000086a00000, 0x0000000086a00000| Untracked 
| 107|0x0000000086b00000, 0x0000000086c00000, 0x0000000086c00000|100%| O|  |TAMS 0x0000000086b00000, 0x0000000086b00000| Untracked 
| 108|0x0000000086c00000, 0x0000000086d00000, 0x0000000086d00000|100%| O|  |TAMS 0x0000000086c00000, 0x0000000086c00000| Untracked 
| 109|0x0000000086d00000, 0x0000000086e00000, 0x0000000086e00000|100%| O|  |TAMS 0x0000000086d00000, 0x0000000086d00000| Untracked 
| 110|0x0000000086e00000, 0x0000000086f00000, 0x0000000086f00000|100%| O|  |TAMS 0x0000000086e00000, 0x0000000086e00000| Untracked 
| 111|0x0000000086f00000, 0x0000000087000000, 0x0000000087000000|100%| O|  |TAMS 0x0000000086f00000, 0x0000000086f00000| Untracked 
| 112|0x0000000087000000, 0x0000000087023c00, 0x0000000087100000| 13%| O|  |TAMS 0x0000000087000000, 0x0000000087000000| Untracked 
| 113|0x0000000087100000, 0x0000000087100000, 0x0000000087200000|  0%| F|  |TAMS 0x0000000087100000, 0x0000000087100000| Untracked 
| 114|0x0000000087200000, 0x0000000087200000, 0x0000000087300000|  0%| F|  |TAMS 0x0000000087200000, 0x0000000087200000| Untracked 
| 115|0x0000000087300000, 0x0000000087300000, 0x0000000087400000|  0%| F|  |TAMS 0x0000000087300000, 0x0000000087300000| Untracked 
| 116|0x0000000087400000, 0x0000000087400000, 0x0000000087500000|  0%| F|  |TAMS 0x0000000087400000, 0x0000000087400000| Untracked 
| 117|0x0000000087500000, 0x0000000087500000, 0x0000000087600000|  0%| F|  |TAMS 0x0000000087500000, 0x0000000087500000| Untracked 
| 118|0x0000000087600000, 0x0000000087600000, 0x0000000087700000|  0%| F|  |TAMS 0x0000000087600000, 0x0000000087600000| Untracked 
| 119|0x0000000087700000, 0x0000000087700000, 0x0000000087800000|  0%| F|  |TAMS 0x0000000087700000, 0x0000000087700000| Untracked 
| 120|0x0000000087800000, 0x0000000087800000, 0x0000000087900000|  0%| F|  |TAMS 0x0000000087800000, 0x0000000087800000| Untracked 
| 121|0x0000000087900000, 0x0000000087900000, 0x0000000087a00000|  0%| F|  |TAMS 0x0000000087900000, 0x0000000087900000| Untracked 
| 122|0x0000000087a00000, 0x0000000087a00000, 0x0000000087b00000|  0%| F|  |TAMS 0x0000000087a00000, 0x0000000087a00000| Untracked 
| 123|0x0000000087b00000, 0x0000000087b00000, 0x0000000087c00000|  0%| F|  |TAMS 0x0000000087b00000, 0x0000000087b00000| Untracked 
| 124|0x0000000087c00000, 0x0000000087c00000, 0x0000000087d00000|  0%| F|  |TAMS 0x0000000087c00000, 0x0000000087c00000| Untracked 
| 125|0x0000000087d00000, 0x0000000087d00000, 0x0000000087e00000|  0%| F|  |TAMS 0x0000000087d00000, 0x0000000087d00000| Untracked 
| 126|0x0000000087e00000, 0x0000000087e00000, 0x0000000087f00000|  0%| F|  |TAMS 0x0000000087e00000, 0x0000000087e00000| Untracked 
| 127|0x0000000087f00000, 0x0000000087f00000, 0x0000000088000000|  0%| F|  |TAMS 0x0000000087f00000, 0x0000000087f00000| Untracked 
| 128|0x0000000088000000, 0x0000000088000000, 0x0000000088100000|  0%| F|  |TAMS 0x0000000088000000, 0x0000000088000000| Untracked 
| 129|0x0000000088100000, 0x0000000088100000, 0x0000000088200000|  0%| F|  |TAMS 0x0000000088100000, 0x0000000088100000| Untracked 
| 130|0x0000000088200000, 0x0000000088200000, 0x0000000088300000|  0%| F|  |TAMS 0x0000000088200000, 0x0000000088200000| Untracked 
| 131|0x0000000088300000, 0x0000000088300000, 0x0000000088400000|  0%| F|  |TAMS 0x0000000088300000, 0x0000000088300000| Untracked 
| 132|0x0000000088400000, 0x0000000088400000, 0x0000000088500000|  0%| F|  |TAMS 0x0000000088400000, 0x0000000088400000| Untracked 
| 133|0x0000000088500000, 0x0000000088500000, 0x0000000088600000|  0%| F|  |TAMS 0x0000000088500000, 0x0000000088500000| Untracked 
| 134|0x0000000088600000, 0x0000000088600000, 0x0000000088700000|  0%| F|  |TAMS 0x0000000088600000, 0x0000000088600000| Untracked 
| 135|0x0000000088700000, 0x0000000088700000, 0x0000000088800000|  0%| F|  |TAMS 0x0000000088700000, 0x0000000088700000| Untracked 
| 136|0x0000000088800000, 0x0000000088800000, 0x0000000088900000|  0%| F|  |TAMS 0x0000000088800000, 0x0000000088800000| Untracked 
| 137|0x0000000088900000, 0x0000000088900000, 0x0000000088a00000|  0%| F|  |TAMS 0x0000000088900000, 0x0000000088900000| Untracked 
| 138|0x0000000088a00000, 0x0000000088a00000, 0x0000000088b00000|  0%| F|  |TAMS 0x0000000088a00000, 0x0000000088a00000| Untracked 
| 139|0x0000000088b00000, 0x0000000088b00000, 0x0000000088c00000|  0%| F|  |TAMS 0x0000000088b00000, 0x0000000088b00000| Untracked 
| 140|0x0000000088c00000, 0x0000000088cee188, 0x0000000088d00000| 93%| S|CS|TAMS 0x0000000088c00000, 0x0000000088c00000| Complete 
| 141|0x0000000088d00000, 0x0000000088e00000, 0x0000000088e00000|100%| S|CS|TAMS 0x0000000088d00000, 0x0000000088d00000| Complete 
| 142|0x0000000088e00000, 0x0000000088f00000, 0x0000000088f00000|100%| S|CS|TAMS 0x0000000088e00000, 0x0000000088e00000| Complete 
| 143|0x0000000088f00000, 0x0000000089000000, 0x0000000089000000|100%| S|CS|TAMS 0x0000000088f00000, 0x0000000088f00000| Complete 
| 144|0x0000000089000000, 0x0000000089100000, 0x0000000089100000|100%| S|CS|TAMS 0x0000000089000000, 0x0000000089000000| Complete 
| 145|0x0000000089100000, 0x0000000089200000, 0x0000000089200000|100%| S|CS|TAMS 0x0000000089100000, 0x0000000089100000| Complete 
| 146|0x0000000089200000, 0x0000000089200000, 0x0000000089300000|  0%| F|  |TAMS 0x0000000089200000, 0x0000000089200000| Untracked 
| 147|0x0000000089300000, 0x0000000089300000, 0x0000000089400000|  0%| F|  |TAMS 0x0000000089300000, 0x0000000089300000| Untracked 
| 148|0x0000000089400000, 0x0000000089400000, 0x0000000089500000|  0%| F|  |TAMS 0x0000000089400000, 0x0000000089400000| Untracked 
| 149|0x0000000089500000, 0x0000000089500000, 0x0000000089600000|  0%| F|  |TAMS 0x0000000089500000, 0x0000000089500000| Untracked 
| 150|0x0000000089600000, 0x0000000089600000, 0x0000000089700000|  0%| F|  |TAMS 0x0000000089600000, 0x0000000089600000| Untracked 
| 151|0x0000000089700000, 0x0000000089700000, 0x0000000089800000|  0%| F|  |TAMS 0x0000000089700000, 0x0000000089700000| Untracked 
| 152|0x0000000089800000, 0x0000000089800000, 0x0000000089900000|  0%| F|  |TAMS 0x0000000089800000, 0x0000000089800000| Untracked 
| 153|0x0000000089900000, 0x0000000089900000, 0x0000000089a00000|  0%| F|  |TAMS 0x0000000089900000, 0x0000000089900000| Untracked 
| 154|0x0000000089a00000, 0x0000000089a00000, 0x0000000089b00000|  0%| F|  |TAMS 0x0000000089a00000, 0x0000000089a00000| Untracked 
| 155|0x0000000089b00000, 0x0000000089b00000, 0x0000000089c00000|  0%| F|  |TAMS 0x0000000089b00000, 0x0000000089b00000| Untracked 
| 156|0x0000000089c00000, 0x0000000089c00000, 0x0000000089d00000|  0%| F|  |TAMS 0x0000000089c00000, 0x0000000089c00000| Untracked 
| 157|0x0000000089d00000, 0x0000000089d00000, 0x0000000089e00000|  0%| F|  |TAMS 0x0000000089d00000, 0x0000000089d00000| Untracked 
| 158|0x0000000089e00000, 0x0000000089e00000, 0x0000000089f00000|  0%| F|  |TAMS 0x0000000089e00000, 0x0000000089e00000| Untracked 
| 159|0x0000000089f00000, 0x0000000089f00000, 0x000000008a000000|  0%| F|  |TAMS 0x0000000089f00000, 0x0000000089f00000| Untracked 
| 160|0x000000008a000000, 0x000000008a000000, 0x000000008a100000|  0%| F|  |TAMS 0x000000008a000000, 0x000000008a000000| Untracked 
| 161|0x000000008a100000, 0x000000008a100000, 0x000000008a200000|  0%| F|  |TAMS 0x000000008a100000, 0x000000008a100000| Untracked 
| 162|0x000000008a200000, 0x000000008a200000, 0x000000008a300000|  0%| F|  |TAMS 0x000000008a200000, 0x000000008a200000| Untracked 
| 163|0x000000008a300000, 0x000000008a300000, 0x000000008a400000|  0%| F|  |TAMS 0x000000008a300000, 0x000000008a300000| Untracked 
| 164|0x000000008a400000, 0x000000008a400000, 0x000000008a500000|  0%| F|  |TAMS 0x000000008a400000, 0x000000008a400000| Untracked 
| 165|0x000000008a500000, 0x000000008a500000, 0x000000008a600000|  0%| F|  |TAMS 0x000000008a500000, 0x000000008a500000| Untracked 
| 166|0x000000008a600000, 0x000000008a600000, 0x000000008a700000|  0%| F|  |TAMS 0x000000008a600000, 0x000000008a600000| Untracked 
| 167|0x000000008a700000, 0x000000008a700000, 0x000000008a800000|  0%| F|  |TAMS 0x000000008a700000, 0x000000008a700000| Untracked 
| 168|0x000000008a800000, 0x000000008a800000, 0x000000008a900000|  0%| F|  |TAMS 0x000000008a800000, 0x000000008a800000| Untracked 
| 169|0x000000008a900000, 0x000000008a900000, 0x000000008aa00000|  0%| F|  |TAMS 0x000000008a900000, 0x000000008a900000| Untracked 
| 170|0x000000008aa00000, 0x000000008aa00000, 0x000000008ab00000|  0%| F|  |TAMS 0x000000008aa00000, 0x000000008aa00000| Untracked 
| 171|0x000000008ab00000, 0x000000008ab00000, 0x000000008ac00000|  0%| F|  |TAMS 0x000000008ab00000, 0x000000008ab00000| Untracked 
| 172|0x000000008ac00000, 0x000000008ac00000, 0x000000008ad00000|  0%| F|  |TAMS 0x000000008ac00000, 0x000000008ac00000| Untracked 
| 173|0x000000008ad00000, 0x000000008ad00000, 0x000000008ae00000|  0%| F|  |TAMS 0x000000008ad00000, 0x000000008ad00000| Untracked 
| 174|0x000000008ae00000, 0x000000008ae00000, 0x000000008af00000|  0%| F|  |TAMS 0x000000008ae00000, 0x000000008ae00000| Untracked 
| 175|0x000000008af00000, 0x000000008af00000, 0x000000008b000000|  0%| F|  |TAMS 0x000000008af00000, 0x000000008af00000| Untracked 
| 176|0x000000008b000000, 0x000000008b000000, 0x000000008b100000|  0%| F|  |TAMS 0x000000008b000000, 0x000000008b000000| Untracked 
| 177|0x000000008b100000, 0x000000008b100000, 0x000000008b200000|  0%| F|  |TAMS 0x000000008b100000, 0x000000008b100000| Untracked 
| 178|0x000000008b200000, 0x000000008b200000, 0x000000008b300000|  0%| F|  |TAMS 0x000000008b200000, 0x000000008b200000| Untracked 
| 179|0x000000008b300000, 0x000000008b300000, 0x000000008b400000|  0%| F|  |TAMS 0x000000008b300000, 0x000000008b300000| Untracked 
| 180|0x000000008b400000, 0x000000008b400000, 0x000000008b500000|  0%| F|  |TAMS 0x000000008b400000, 0x000000008b400000| Untracked 
| 181|0x000000008b500000, 0x000000008b500000, 0x000000008b600000|  0%| F|  |TAMS 0x000000008b500000, 0x000000008b500000| Untracked 
| 182|0x000000008b600000, 0x000000008b600000, 0x000000008b700000|  0%| F|  |TAMS 0x000000008b600000, 0x000000008b600000| Untracked 
| 183|0x000000008b700000, 0x000000008b700000, 0x000000008b800000|  0%| F|  |TAMS 0x000000008b700000, 0x000000008b700000| Untracked 
| 184|0x000000008b800000, 0x000000008b800000, 0x000000008b900000|  0%| F|  |TAMS 0x000000008b800000, 0x000000008b800000| Untracked 
| 185|0x000000008b900000, 0x000000008b900000, 0x000000008ba00000|  0%| F|  |TAMS 0x000000008b900000, 0x000000008b900000| Untracked 
| 186|0x000000008ba00000, 0x000000008ba00000, 0x000000008bb00000|  0%| F|  |TAMS 0x000000008ba00000, 0x000000008ba00000| Untracked 
| 187|0x000000008bb00000, 0x000000008bb00000, 0x000000008bc00000|  0%| F|  |TAMS 0x000000008bb00000, 0x000000008bb00000| Untracked 
| 188|0x000000008bc00000, 0x000000008bc00000, 0x000000008bd00000|  0%| F|  |TAMS 0x000000008bc00000, 0x000000008bc00000| Untracked 

Card table byte_map: [0x000002770f950000,0x000002770fd50000] _byte_map_base: 0x000002770f550000

Marking Bits (Prev, Next): (CMBitMap*) 0x000002777646f2c0, (CMBitMap*) 0x000002777646f300
 Prev Bits: [0x0000027710150000, 0x0000027712150000)
 Next Bits: [0x0000027712150000, 0x0000027714150000)

Polling page: 0x00000277764b0000

Metaspace:

Usage:
  Non-class:     99.73 MB used.
      Class:     15.16 MB used.
       Both:    114.89 MB used.

Virtual space:
  Non-class space:      128.00 MB reserved,     100.12 MB ( 78%) committed,  2 nodes.
      Class space:      416.00 MB reserved,      15.50 MB (  4%) committed,  1 nodes.
             Both:      544.00 MB reserved,     115.62 MB ( 21%) committed. 

Chunk freelists:
   Non-Class:  11.91 MB
       Class:  478.00 KB
        Both:  12.37 MB

MaxMetaspaceSize: 512.00 MB
CompressedClassSpaceSize: 416.00 MB
Initial GC threshold: 21.00 MB
Current GC threshold: 191.88 MB
CDS: on
MetaspaceReclaimPolicy: balanced
 - commit_granule_bytes: 65536.
 - commit_granule_words: 8192.
 - virtual_space_node_default_size: 8388608.
 - enlarge_chunks_in_place: 1.
 - new_chunks_are_fully_committed: 0.
 - uncommit_free_chunks: 1.
 - use_allocation_guard: 0.
 - handle_deallocations: 1.


Internal statistics:

num_allocs_failed_limit: 9.
num_arena_births: 900.
num_arena_deaths: 2.
num_vsnodes_births: 3.
num_vsnodes_deaths: 0.
num_space_committed: 1848.
num_space_uncommitted: 0.
num_chunks_returned_to_freelist: 15.
num_chunks_taken_from_freelist: 5167.
num_chunk_merges: 10.
num_chunk_splits: 3970.
num_chunks_enlarged: 3200.
num_inconsistent_stats: 0.

CodeHeap 'non-profiled nmethods': size=120000Kb used=5782Kb max_used=5782Kb free=114217Kb
 bounds [0x0000027707ad0000, 0x0000027708080000, 0x000002770f000000]
CodeHeap 'profiled nmethods': size=120000Kb used=19382Kb max_used=19382Kb free=100617Kb
 bounds [0x0000027700000000, 0x00000277012f0000, 0x0000027707530000]
CodeHeap 'non-nmethods': size=5760Kb used=2544Kb max_used=2594Kb free=3215Kb
 bounds [0x0000027707530000, 0x00000277077c0000, 0x0000027707ad0000]
 total_blobs=10807 nmethods=9716 adapters=1002
 compilation: enabled
              stopped_count=0, restarted_count=0
 full_count=0

Compilation events (20 events):
Event: 14.248 Thread 0x0000027736008090 nmethod 11148 0x00000277012de610 code [0x00000277012ded60, 0x00000277012e3068]
Event: 14.248 Thread 0x0000027736008090 11157       3       org.jetbrains.kotlin.protobuf.GeneratedMessageLite$ExtendableMessage::hasExtension (17 bytes)
Event: 14.248 Thread 0x0000027736008090 nmethod 11157 0x00000277012e4f10 code [0x00000277012e50e0, 0x00000277012e5488]
Event: 14.248 Thread 0x0000027736008090 11152       3       org.jetbrains.kotlin.resolve.jvm.JvmClassName::byClassId (87 bytes)
Event: 14.249 Thread 0x0000027736008090 nmethod 11152 0x00000277012e5610 code [0x00000277012e5980, 0x00000277012e6b68]
Event: 14.249 Thread 0x0000027736008090 11158       3       org.jetbrains.kotlin.load.kotlin.DeserializedDescriptorResolver::readData (58 bytes)
Event: 14.249 Thread 0x0000027736008090 nmethod 11158 0x00000277012e7290 code [0x00000277012e7460, 0x00000277012e7918]
Event: 14.249 Thread 0x0000027736008090 11159       3       org.jetbrains.kotlin.metadata.jvm.deserialization.BitEncoding::decodeBytes (79 bytes)
Event: 14.250 Thread 0x0000027736008090 nmethod 11159 0x00000277012e7b10 code [0x00000277012e7da0, 0x00000277012e8718]
Event: 14.250 Thread 0x0000027736008090 11153       3       org.jetbrains.kotlin.load.kotlin.JvmPackagePartSource::getPresentableString (34 bytes)
Event: 14.250 Thread 0x0000027736008090 nmethod 11153 0x00000277012e8a90 code [0x00000277012e8dc0, 0x00000277012e9be8]
Event: 14.250 Thread 0x0000027736008090 11161   !   3       org.jetbrains.kotlin.descriptors.impl.DeclarationDescriptorImpl::toString (117 bytes)
Event: 14.251 Thread 0x0000027736008090 nmethod 11161 0x00000277012ea110 code [0x00000277012ea4e0, 0x00000277012eb698]
Event: 14.251 Thread 0x0000027736008090 11154       3       org.jetbrains.kotlin.load.kotlin.JvmPackagePartSource::getClassId (19 bytes)
Event: 14.251 Thread 0x0000027736008090 nmethod 11154 0x00000277012ebe90 code [0x00000277012ec0e0, 0x00000277012ec798]
Event: 14.251 Thread 0x0000027736008090 11155       3       org.jetbrains.kotlin.load.kotlin.JvmPackagePartSource::getSimpleName (31 bytes)
Event: 14.251 Thread 0x0000027736008090 nmethod 11155 0x00000277012eca10 code [0x00000277012ecc40, 0x00000277012ed238]
Event: 14.251 Thread 0x0000027736008090 11168       3       org.jetbrains.kotlin.renderer.DescriptorRendererImpl::renderName (24 bytes)
Event: 14.251 Thread 0x0000027736008090 nmethod 11168 0x00000277012ed490 code [0x00000277012ed680, 0x00000277012ed978]
Event: 14.251 Thread 0x0000027736008090 11169       3       org.jetbrains.kotlin.renderer.DescriptorRendererImpl::renderName (68 bytes)

GC Heap History (20 events):
Event: 10.722 GC heap after
{Heap after GC invocations=24 (full 0):
 garbage-first heap   total 147456K, used 75646K [0x0000000080000000, 0x0000000100000000)
  region size 1024K, 6 young (6144K), 6 survivors (6144K)
 Metaspace       used 89455K, committed 90112K, reserved 557056K
  class space    used 12223K, committed 12544K, reserved 425984K
}
Event: 10.737 GC heap before
{Heap before GC invocations=24 (full 0):
 garbage-first heap   total 147456K, used 76670K [0x0000000080000000, 0x0000000100000000)
  region size 1024K, 7 young (7168K), 6 survivors (6144K)
 Metaspace       used 89573K, committed 90240K, reserved 557056K
  class space    used 12238K, committed 12544K, reserved 425984K
}
Event: 10.741 GC heap after
{Heap after GC invocations=25 (full 0):
 garbage-first heap   total 177152K, used 76169K [0x0000000080000000, 0x0000000100000000)
  region size 1024K, 1 young (1024K), 1 survivors (1024K)
 Metaspace       used 89573K, committed 90240K, reserved 557056K
  class space    used 12238K, committed 12544K, reserved 425984K
}
Event: 11.358 GC heap before
{Heap before GC invocations=25 (full 0):
 garbage-first heap   total 177152K, used 143753K [0x0000000080000000, 0x0000000100000000)
  region size 1024K, 67 young (68608K), 1 survivors (1024K)
 Metaspace       used 96822K, committed 97536K, reserved 557056K
  class space    used 13007K, committed 13312K, reserved 425984K
}
Event: 11.361 GC heap after
{Heap after GC invocations=26 (full 0):
 garbage-first heap   total 177152K, used 79412K [0x0000000080000000, 0x0000000100000000)
  region size 1024K, 5 young (5120K), 5 survivors (5120K)
 Metaspace       used 96822K, committed 97536K, reserved 557056K
  class space    used 13007K, committed 13312K, reserved 425984K
}
Event: 11.972 GC heap before
{Heap before GC invocations=26 (full 0):
 garbage-first heap   total 177152K, used 141876K [0x0000000080000000, 0x0000000100000000)
  region size 1024K, 67 young (68608K), 5 survivors (5120K)
 Metaspace       used 105443K, committed 106112K, reserved 557056K
  class space    used 13975K, committed 14272K, reserved 425984K
}
Event: 11.976 GC heap after
{Heap after GC invocations=27 (full 0):
 garbage-first heap   total 177152K, used 81249K [0x0000000080000000, 0x0000000100000000)
  region size 1024K, 6 young (6144K), 6 survivors (6144K)
 Metaspace       used 105443K, committed 106112K, reserved 557056K
  class space    used 13975K, committed 14272K, reserved 425984K
}
Event: 12.438 GC heap before
{Heap before GC invocations=27 (full 0):
 garbage-first heap   total 177152K, used 123233K [0x0000000080000000, 0x0000000100000000)
  region size 1024K, 44 young (45056K), 6 survivors (6144K)
 Metaspace       used 109076K, committed 109760K, reserved 557056K
  class space    used 14375K, committed 14720K, reserved 425984K
}
Event: 12.443 GC heap after
{Heap after GC invocations=28 (full 0):
 garbage-first heap   total 177152K, used 86673K [0x0000000080000000, 0x0000000100000000)
  region size 1024K, 4 young (4096K), 4 survivors (4096K)
 Metaspace       used 109076K, committed 109760K, reserved 557056K
  class space    used 14375K, committed 14720K, reserved 425984K
}
Event: 13.160 GC heap before
{Heap before GC invocations=29 (full 0):
 garbage-first heap   total 177152K, used 155281K [0x0000000080000000, 0x0000000100000000)
  region size 1024K, 63 young (64512K), 4 survivors (4096K)
 Metaspace       used 114690K, committed 115456K, reserved 557056K
  class space    used 15187K, committed 15552K, reserved 425984K
}
Event: 13.166 GC heap after
{Heap after GC invocations=30 (full 0):
 garbage-first heap   total 177152K, used 98509K [0x0000000080000000, 0x0000000100000000)
  region size 1024K, 7 young (7168K), 7 survivors (7168K)
 Metaspace       used 114690K, committed 115456K, reserved 557056K
  class space    used 15187K, committed 15552K, reserved 425984K
}
Event: 13.174 GC heap before
{Heap before GC invocations=30 (full 0):
 garbage-first heap   total 177152K, used 99533K [0x0000000080000000, 0x0000000100000000)
  region size 1024K, 8 young (8192K), 7 survivors (7168K)
 Metaspace       used 114748K, committed 115520K, reserved 557056K
  class space    used 15195K, committed 15552K, reserved 425984K
}
Event: 13.178 GC heap after
{Heap after GC invocations=31 (full 0):
 garbage-first heap   total 177152K, used 98683K [0x0000000080000000, 0x0000000100000000)
  region size 1024K, 1 young (1024K), 1 survivors (1024K)
 Metaspace       used 114748K, committed 115520K, reserved 557056K
  class space    used 15195K, committed 15552K, reserved 425984K
}
Event: 13.685 GC heap before
{Heap before GC invocations=31 (full 0):
 garbage-first heap   total 177152K, used 147835K [0x0000000080000000, 0x0000000100000000)
  region size 1024K, 50 young (51200K), 1 survivors (1024K)
 Metaspace       used 117138K, committed 117888K, reserved 557056K
  class space    used 15507K, committed 15872K, reserved 425984K
}
Event: 13.691 GC heap after
{Heap after GC invocations=32 (full 0):
 garbage-first heap   total 177152K, used 103720K [0x0000000080000000, 0x0000000100000000)
  region size 1024K, 6 young (6144K), 6 survivors (6144K)
 Metaspace       used 117138K, committed 117888K, reserved 557056K
  class space    used 15507K, committed 15872K, reserved 425984K
}
Event: 13.906 GC heap before
{Heap before GC invocations=33 (full 0):
 garbage-first heap   total 193536K, used 147752K [0x0000000080000000, 0x0000000100000000)
  region size 1024K, 48 young (49152K), 6 survivors (6144K)
 Metaspace       used 117375K, committed 118144K, reserved 557056K
  class space    used 15515K, committed 15872K, reserved 425984K
}
Event: 13.917 GC heap after
{Heap after GC invocations=34 (full 0):
 garbage-first heap   total 193536K, used 113515K [0x0000000080000000, 0x0000000100000000)
  region size 1024K, 6 young (6144K), 6 survivors (6144K)
 Metaspace       used 117375K, committed 118144K, reserved 557056K
  class space    used 15515K, committed 15872K, reserved 425984K
}
Event: 13.920 GC heap before
{Heap before GC invocations=34 (full 0):
 garbage-first heap   total 193536K, used 116587K [0x0000000080000000, 0x0000000100000000)
  region size 1024K, 9 young (9216K), 6 survivors (6144K)
 Metaspace       used 117375K, committed 118144K, reserved 557056K
  class space    used 15515K, committed 15872K, reserved 425984K
}
Event: 13.925 GC heap after
{Heap after GC invocations=35 (full 0):
 garbage-first heap   total 193536K, used 113459K [0x0000000080000000, 0x0000000100000000)
  region size 1024K, 2 young (2048K), 2 survivors (2048K)
 Metaspace       used 117375K, committed 118144K, reserved 557056K
  class space    used 15515K, committed 15872K, reserved 425984K
}
Event: 14.252 GC heap before
{Heap before GC invocations=35 (full 0):
 garbage-first heap   total 193536K, used 155443K [0x0000000080000000, 0x0000000100000000)
  region size 1024K, 43 young (44032K), 2 survivors (2048K)
 Metaspace       used 117649K, committed 118400K, reserved 557056K
  class space    used 15525K, committed 15872K, reserved 425984K
}

Dll operation events (15 events):
Event: 0.010 Loaded shared library C:\Program Files\Eclipse Adoptium\jdk-17.0.16.8-hotspot\bin\java.dll
Event: 0.027 Loaded shared library C:\Program Files\Eclipse Adoptium\jdk-17.0.16.8-hotspot\bin\jsvml.dll
Event: 0.065 Loaded shared library C:\Program Files\Eclipse Adoptium\jdk-17.0.16.8-hotspot\bin\zip.dll
Event: 0.069 Loaded shared library C:\Program Files\Eclipse Adoptium\jdk-17.0.16.8-hotspot\bin\instrument.dll
Event: 0.074 Loaded shared library C:\Program Files\Eclipse Adoptium\jdk-17.0.16.8-hotspot\bin\net.dll
Event: 0.076 Loaded shared library C:\Program Files\Eclipse Adoptium\jdk-17.0.16.8-hotspot\bin\nio.dll
Event: 0.081 Loaded shared library C:\Program Files\Eclipse Adoptium\jdk-17.0.16.8-hotspot\bin\zip.dll
Event: 0.221 Loaded shared library C:\Program Files\Eclipse Adoptium\jdk-17.0.16.8-hotspot\bin\jimage.dll
Event: 0.271 Loaded shared library C:\Program Files\Eclipse Adoptium\jdk-17.0.16.8-hotspot\bin\verify.dll
Event: 0.449 Loaded shared library C:\Users\Asus\.gradle\native\68d5fa5c4cc2d200863cafc0d521ce42e7d3e7ee720ec0a83991735586a16f82\windows-amd64\native-platform.dll
Event: 0.455 Loaded shared library C:\Users\Asus\.gradle\native\e376f236ea51e6404a007f0833ffe2c6e607c4080706a723a18a27aeea778392\windows-amd64\native-platform-file-events.dll
Event: 1.167 Loaded shared library C:\Program Files\Eclipse Adoptium\jdk-17.0.16.8-hotspot\bin\management.dll
Event: 1.172 Loaded shared library C:\Program Files\Eclipse Adoptium\jdk-17.0.16.8-hotspot\bin\management_ext.dll
Event: 1.359 Loaded shared library C:\Program Files\Eclipse Adoptium\jdk-17.0.16.8-hotspot\bin\extnet.dll
Event: 1.583 Loaded shared library C:\Program Files\Eclipse Adoptium\jdk-17.0.16.8-hotspot\bin\sunmscapi.dll

Deoptimization events (20 events):
Event: 13.898 Thread 0x000002773800e230 DEOPT PACKING pc=0x0000027700b78e3d sp=0x000000a4565f2ad0
Event: 13.898 Thread 0x000002773800e230 DEOPT UNPACKING pc=0x000002770758ace3 sp=0x000000a4565f1f60 mode 0
Event: 13.971 Thread 0x000002773800e230 Uncommon trap: trap_request=0xffffffde fr.pc=0x0000027707d55908 relative=0x00000000000017a8
Event: 13.971 Thread 0x000002773800e230 Uncommon trap: reason=class_check action=maybe_recompile pc=0x0000027707d55908 method=org.jetbrains.kotlin.serialization.deserialization.descriptors.DeserializedPackageMemberScope.hasClass(Lorg/jetbrains/kotlin/name/Name;)Z @ 79 c2
Event: 13.971 Thread 0x000002773800e230 DEOPT PACKING pc=0x0000027707d55908 sp=0x000000a4565f2cc0
Event: 13.971 Thread 0x000002773800e230 DEOPT UNPACKING pc=0x000002770758a1a3 sp=0x000000a4565f2ba0 mode 2
Event: 14.033 Thread 0x000002773800e230 DEOPT PACKING pc=0x0000027700b78e3d sp=0x000000a4565f1ff0
Event: 14.033 Thread 0x000002773800e230 DEOPT UNPACKING pc=0x000002770758ace3 sp=0x000000a4565f1480 mode 0
Event: 14.034 Thread 0x000002773800e230 DEOPT PACKING pc=0x000002770075d043 sp=0x000000a4565f2d60
Event: 14.034 Thread 0x000002773800e230 DEOPT UNPACKING pc=0x000002770758ace3 sp=0x000000a4565f2200 mode 0
Event: 14.043 Thread 0x000002773800e230 DEOPT PACKING pc=0x0000027700b78e3d sp=0x000000a4565f1ff0
Event: 14.043 Thread 0x000002773800e230 DEOPT UNPACKING pc=0x000002770758ace3 sp=0x000000a4565f1480 mode 0
Event: 14.059 Thread 0x000002773800e230 DEOPT PACKING pc=0x0000027700b78e3d sp=0x000000a4565f2010
Event: 14.059 Thread 0x000002773800e230 DEOPT UNPACKING pc=0x000002770758ace3 sp=0x000000a4565f14a0 mode 0
Event: 14.081 Thread 0x000002773800e230 DEOPT PACKING pc=0x0000027700b78e3d sp=0x000000a4565f1fb0
Event: 14.081 Thread 0x000002773800e230 DEOPT UNPACKING pc=0x000002770758ace3 sp=0x000000a4565f1440 mode 0
Event: 14.243 Thread 0x000002773800e230 Uncommon trap: trap_request=0xffffff45 fr.pc=0x0000027707e7adf0 relative=0x00000000000001d0
Event: 14.243 Thread 0x000002773800e230 Uncommon trap: reason=unstable_if action=reinterpret pc=0x0000027707e7adf0 method=java.lang.String.indexOf(Ljava/lang/String;)I @ 10 c2
Event: 14.243 Thread 0x000002773800e230 DEOPT PACKING pc=0x0000027707e7adf0 sp=0x000000a4565f1df0
Event: 14.243 Thread 0x000002773800e230 DEOPT UNPACKING pc=0x000002770758a1a3 sp=0x000000a4565f1d80 mode 2

Classes loaded (20 events):
Event: 12.852 Loading class com/sun/org/apache/xerces/internal/utils/XMLSecurityPropertyManager$State
Event: 12.852 Loading class com/sun/org/apache/xerces/internal/utils/XMLSecurityPropertyManager$State done
Event: 12.852 Loading class com/sun/org/apache/xerces/internal/utils/XMLSecurityPropertyManager$Property
Event: 12.852 Loading class com/sun/org/apache/xerces/internal/utils/XMLSecurityPropertyManager$Property done
Event: 12.865 Loading class java/util/regex/Pattern$SliceI
Event: 12.865 Loading class java/util/regex/Pattern$SliceI done
Event: 12.876 Loading class javax/management/InstanceNotFoundException
Event: 12.876 Loading class javax/management/InstanceNotFoundException done
Event: 12.876 Loading class javax/management/ReflectionException
Event: 12.876 Loading class javax/management/ReflectionException done
Event: 12.876 Loading class javax/management/MalformedObjectNameException
Event: 12.876 Loading class javax/management/MalformedObjectNameException done
Event: 12.876 Loading class javax/management/MBeanException
Event: 12.876 Loading class javax/management/MBeanException done
Event: 12.876 Loading class javax/management/AttributeNotFoundException
Event: 12.876 Loading class javax/management/AttributeNotFoundException done
Event: 12.876 Loading class sun/reflect/misc/MethodUtil
Event: 12.877 Loading class sun/reflect/misc/MethodUtil done
Event: 12.877 Loading class sun/reflect/misc/MethodUtil$1
Event: 12.877 Loading class sun/reflect/misc/MethodUtil$1 done

Classes unloaded (5 events):
Event: 8.121 Thread 0x0000027716430be0 Unloading class 0x000002771850c000 '_BuildScript_$_run_closure1$_closure2'
Event: 8.121 Thread 0x0000027716430be0 Unloading class 0x0000027718504a98 '_BuildScript_$_run_closure1'
Event: 8.121 Thread 0x0000027716430be0 Unloading class 0x0000027718504568 '_BuildScript_'
Event: 8.121 Thread 0x0000027716430be0 Unloading class 0x00000277185042b0 'GradleAnnotationProcessorPatchPlugin$AnnotationProcessorModelBuilder'
Event: 8.121 Thread 0x0000027716430be0 Unloading class 0x0000027718504000 'GradleAnnotationProcessorPatchPlugin'

Classes redefined (0 events):
No events

Internal exceptions (20 events):
Event: 13.111 Thread 0x000002773800e230 Exception <a 'java/lang/ClassNotFoundException'{0x000000008731e2d8}: org/gradle/api/plugins/JavaPluginConventionBeanInfo> (0x000000008731e2d8) 
thrown [s\src\hotspot\share\classfile\systemDictionary.cpp, line 256]
Event: 13.111 Thread 0x000002773800e230 Exception <a 'java/lang/ClassNotFoundException'{0x000000008733c520}: org/gradle/api/plugins/JavaPluginConventionCustomizer> (0x000000008733c520) 
thrown [s\src\hotspot\share\classfile\systemDictionary.cpp, line 256]
Event: 13.112 Thread 0x000002773800e230 Exception <a 'java/lang/ClassNotFoundException'{0x0000000087370618}: org/gradle/api/plugins/internal/NaggingJavaPluginConventionCustomizer> (0x0000000087370618) 
thrown [s\src\hotspot\share\classfile\systemDictionary.cpp, line 256]
Event: 13.245 Thread 0x000002773800e230 Exception <a 'java/lang/NoSuchMethodError'{0x000000008a451278}: 'int java.lang.invoke.DirectMethodHandle$Holder.invokeInterface(java.lang.Object, java.lang.Object, java.lang.Object, java.lang.Object)'> (0x000000008a451278) 
thrown [s\src\hotspot\share\interpreter\linkResolver.cpp, line 759]
Event: 13.343 Thread 0x000002773800e230 Exception <a 'java/lang/ClassNotFoundException'{0x0000000089be9928}: org/jetbrains/kotlin/gradle/targets/js/npm/DefaultNpmDependencyExtensionBeanInfo> (0x0000000089be9928) 
thrown [s\src\hotspot\share\classfile\systemDictionary.cpp, line 256]
Event: 13.344 Thread 0x000002773800e230 Exception <a 'java/lang/ClassNotFoundException'{0x0000000089bfc4e0}: org/jetbrains/kotlin/gradle/targets/js/npm/DefaultNpmDependencyExtensionCustomizer> (0x0000000089bfc4e0) 
thrown [s\src\hotspot\share\classfile\systemDictionary.cpp, line 256]
Event: 13.349 Thread 0x000002773800e230 Exception <a 'java/lang/ClassNotFoundException'{0x0000000089a9b778}: org/jetbrains/kotlin/gradle/targets/js/npm/NpmDependencyExtensionKt$defaultNpmDependencyDelegate$1BeanInfo> (0x0000000089a9b778) 
thrown [s\src\hotspot\share\classfile\systemDictionary.cpp, line 256]
Event: 13.349 Thread 0x000002773800e230 Exception <a 'java/lang/ClassNotFoundException'{0x0000000089aae378}: org/jetbrains/kotlin/gradle/targets/js/npm/NpmDependencyExtensionDelegateBeanInfo> (0x0000000089aae378) 
thrown [s\src\hotspot\share\classfile\systemDictionary.cpp, line 256]
Event: 13.350 Thread 0x000002773800e230 Exception <a 'java/lang/ClassNotFoundException'{0x0000000089ac0f80}: org/jetbrains/kotlin/gradle/targets/js/npm/NpmDependencyExtensionDelegateCustomizer> (0x0000000089ac0f80) 
thrown [s\src\hotspot\share\classfile\systemDictionary.cpp, line 256]
Event: 13.351 Thread 0x000002773800e230 Exception <a 'java/lang/ClassNotFoundException'{0x0000000089aed450}: org/jetbrains/kotlin/gradle/targets/js/npm/NpmDependencyExtensionKt$defaultNpmDependencyDelegate$1Customizer> (0x0000000089aed450) 
thrown [s\src\hotspot\share\classfile\systemDictionary.cpp, line 256]
Event: 13.354 Thread 0x000002773800e230 Exception <a 'java/lang/ClassNotFoundException'{0x0000000089933f58}: org/jetbrains/kotlin/gradle/targets/js/npm/DefaultDevNpmDependencyExtensionBeanInfo> (0x0000000089933f58) 
thrown [s\src\hotspot\share\classfile\systemDictionary.cpp, line 256]
Event: 13.355 Thread 0x000002773800e230 Exception <a 'java/lang/ClassNotFoundException'{0x0000000089946b68}: org/jetbrains/kotlin/gradle/targets/js/npm/DefaultDevNpmDependencyExtensionCustomizer> (0x0000000089946b68) 
thrown [s\src\hotspot\share\classfile\systemDictionary.cpp, line 256]
Event: 13.358 Thread 0x000002773800e230 Exception <a 'java/lang/ClassNotFoundException'{0x0000000089990998}: org/jetbrains/kotlin/gradle/targets/js/npm/DefaultPeerNpmDependencyExtensionBeanInfo> (0x0000000089990998) 
thrown [s\src\hotspot\share\classfile\systemDictionary.cpp, line 256]
Event: 13.358 Thread 0x000002773800e230 Exception <a 'java/lang/ClassNotFoundException'{0x00000000899a35c8}: org/jetbrains/kotlin/gradle/targets/js/npm/DefaultPeerNpmDependencyExtensionCustomizer> (0x00000000899a35c8) 
thrown [s\src\hotspot\share\classfile\systemDictionary.cpp, line 256]
Event: 13.361 Thread 0x000002773800e230 Exception <a 'java/lang/ClassNotFoundException'{0x00000000899f3cf0}: org/jetbrains/kotlin/gradle/targets/js/npm/DefaultPeerNpmDependencyExtension$delegate$1BeanInfo> (0x00000000899f3cf0) 
thrown [s\src\hotspot\share\classfile\systemDictionary.cpp, line 256]
Event: 13.361 Thread 0x000002773800e230 Exception <a 'java/lang/ClassNotFoundException'{0x0000000089806dc0}: org/jetbrains/kotlin/gradle/targets/js/npm/DefaultPeerNpmDependencyExtension$delegate$1Customizer> (0x0000000089806dc0) 
thrown [s\src\hotspot\share\classfile\systemDictionary.cpp, line 256]
Event: 13.651 Thread 0x000002773800e230 Exception <a 'sun/nio/fs/WindowsException'{0x00000000888a48d0}> (0x00000000888a48d0) 
thrown [s\src\hotspot\share\prims\jni.cpp, line 516]
Event: 13.651 Thread 0x000002773800e230 Exception <a 'sun/nio/fs/WindowsException'{0x00000000888a66c8}> (0x00000000888a66c8) 
thrown [s\src\hotspot\share\prims\jni.cpp, line 516]
Event: 13.655 Thread 0x000002773800e230 Implicit null exception at 0x0000027707e6b86f to 0x0000027707e6ba4c
Event: 13.666 Thread 0x000002773800e230 Implicit null exception at 0x0000027707e8e995 to 0x0000027707e91ae0

VM Operations (20 events):
Event: 13.166 Executing VM operation: G1CollectForAllocation done
Event: 13.174 Executing VM operation: G1CollectForAllocation
Event: 13.178 Executing VM operation: G1CollectForAllocation done
Event: 13.240 Executing VM operation: HandshakeAllThreads
Event: 13.240 Executing VM operation: HandshakeAllThreads done
Event: 13.244 Executing VM operation: HandshakeAllThreads
Event: 13.244 Executing VM operation: HandshakeAllThreads done
Event: 13.669 Executing VM operation: ICBufferFull
Event: 13.670 Executing VM operation: ICBufferFull done
Event: 13.685 Executing VM operation: G1CollectForAllocation
Event: 13.691 Executing VM operation: G1CollectForAllocation done
Event: 13.727 Executing VM operation: G1PauseRemark
Event: 13.732 Executing VM operation: G1PauseRemark done
Event: 13.748 Executing VM operation: G1PauseCleanup
Event: 13.748 Executing VM operation: G1PauseCleanup done
Event: 13.905 Executing VM operation: G1CollectForAllocation
Event: 13.917 Executing VM operation: G1CollectForAllocation done
Event: 13.920 Executing VM operation: G1CollectForAllocation
Event: 13.925 Executing VM operation: G1CollectForAllocation done
Event: 14.252 Executing VM operation: G1CollectForAllocation

Memory protections (0 events):
No events

Nmethod flushes (20 events):
Event: 10.312 Thread 0x0000027736038fd0 flushing  nmethod 0x0000027700ba5f90
Event: 10.312 Thread 0x0000027736038fd0 flushing  nmethod 0x0000027700ba6f90
Event: 10.312 Thread 0x0000027736038fd0 flushing  nmethod 0x0000027700baa590
Event: 10.312 Thread 0x0000027736038fd0 flushing  nmethod 0x0000027700baac10
Event: 10.312 Thread 0x0000027736038fd0 flushing  nmethod 0x0000027700bacd90
Event: 10.312 Thread 0x0000027736038fd0 flushing  nmethod 0x0000027700bada10
Event: 10.312 Thread 0x0000027736038fd0 flushing  nmethod 0x0000027700bb3e10
Event: 10.312 Thread 0x0000027736038fd0 flushing  nmethod 0x0000027700bb6090
Event: 10.312 Thread 0x0000027736038fd0 flushing  nmethod 0x0000027700bb8f90
Event: 10.312 Thread 0x0000027736038fd0 flushing  nmethod 0x0000027700bceb90
Event: 10.312 Thread 0x0000027736038fd0 flushing  nmethod 0x0000027700bde590
Event: 10.312 Thread 0x0000027736038fd0 flushing  nmethod 0x0000027700beb490
Event: 10.313 Thread 0x0000027736038fd0 flushing  nmethod 0x0000027700c3cb90
Event: 10.313 Thread 0x0000027736038fd0 flushing  nmethod 0x0000027700c70210
Event: 10.313 Thread 0x0000027736038fd0 flushing  nmethod 0x0000027700c71710
Event: 10.313 Thread 0x0000027736038fd0 flushing  nmethod 0x0000027700c81990
Event: 10.313 Thread 0x0000027736038fd0 flushing  nmethod 0x0000027700c83c90
Event: 10.313 Thread 0x0000027736038fd0 flushing  nmethod 0x0000027700cafc90
Event: 13.102 Thread 0x0000027736038fd0 flushing  nmethod 0x0000027700b5ec10
Event: 13.102 Thread 0x0000027736038fd0 flushing  nmethod 0x0000027700b6ff10

Events (20 events):
Event: 10.234 Thread 0x00000277384d7040 Thread exited: 0x00000277384d7040
Event: 10.291 Thread 0x0000027736008090 Thread added: 0x000002773b667840
Event: 10.557 Thread 0x0000027736008090 Thread added: 0x0000027738dfa460
Event: 10.954 Thread 0x0000027738dfa460 Thread exited: 0x0000027738dfa460
Event: 11.475 Thread 0x000002773b667840 Thread exited: 0x000002773b667840
Event: 11.552 Thread 0x0000027736008090 Thread added: 0x00000277395eb970
Event: 12.045 Thread 0x00000277395eb970 Thread exited: 0x00000277395eb970
Event: 12.178 Thread 0x0000027736008090 Thread added: 0x000002773bf9d030
Event: 12.347 Thread 0x000002773800e230 Thread added: 0x000002773b2a4210
Event: 12.347 Thread 0x000002773800e230 Thread added: 0x000002773b2a0a60
Event: 12.347 Thread 0x000002773800e230 Thread added: 0x000002773b2a4720
Event: 12.347 Thread 0x000002773800e230 Thread added: 0x000002773b2a0f70
Event: 12.347 Thread 0x000002773800e230 Thread added: 0x000002773b2a5b60
Event: 12.347 Thread 0x000002773800e230 Thread added: 0x000002773b2a6fa0
Event: 12.347 Thread 0x000002773800e230 Thread added: 0x000002773b2a5650
Event: 12.347 Thread 0x000002773800e230 Thread added: 0x000002773b2a6070
Event: 12.347 Thread 0x000002773800e230 Thread added: 0x000002773b2a6580
Event: 12.347 Thread 0x000002773800e230 Thread added: 0x000002773b2a6a90
Event: 12.348 Thread 0x000002773800e230 Thread added: 0x000002773b2a74b0
Event: 12.880 Thread 0x000002773800e230 Thread added: 0x000002773b2a7ed0


Dynamic libraries:
0x00007ff6e2b30000 - 0x00007ff6e2b3e000 	C:\Program Files\Eclipse Adoptium\jdk-17.0.16.8-hotspot\bin\java.exe
0x00007ff80b8c0000 - 0x00007ff80bb29000 	C:\WINDOWS\SYSTEM32\ntdll.dll
0x00007ff80a6d0000 - 0x00007ff80a799000 	C:\WINDOWS\System32\KERNEL32.DLL
0x00007ff808de0000 - 0x00007ff8091d3000 	C:\WINDOWS\System32\KERNELBASE.dll
0x00007ff802dc0000 - 0x00007ff802e5e000 	C:\WINDOWS\SYSTEM32\apphelp.dll
0x00007ff8091e0000 - 0x00007ff80932b000 	C:\WINDOWS\System32\ucrtbase.dll
0x00007fffdcde0000 - 0x00007fffdcdf7000 	C:\Program Files\Eclipse Adoptium\jdk-17.0.16.8-hotspot\bin\jli.dll
0x00007fffdce00000 - 0x00007fffdce1e000 	C:\Program Files\Eclipse Adoptium\jdk-17.0.16.8-hotspot\bin\VCRUNTIME140.dll
0x00007ff809a70000 - 0x00007ff809c34000 	C:\WINDOWS\System32\USER32.dll
0x00007fffed0b0000 - 0x00007fffed343000 	C:\WINDOWS\WinSxS\amd64_microsoft.windows.common-controls_6595b64144ccf1df_6.0.26100.5074_none_3e0d6f78e32fd63f\COMCTL32.dll
0x00007ff808b00000 - 0x00007ff808b27000 	C:\WINDOWS\System32\win32u.dll
0x00007ff80a620000 - 0x00007ff80a64b000 	C:\WINDOWS\System32\GDI32.dll
0x00007ff80ac30000 - 0x00007ff80acd9000 	C:\WINDOWS\System32\msvcrt.dll
0x00007ff809560000 - 0x00007ff80968d000 	C:\WINDOWS\System32\gdi32full.dll
0x00007ff808a50000 - 0x00007ff808af3000 	C:\WINDOWS\System32\msvcp_win.dll
0x00007ff80a520000 - 0x00007ff80a54f000 	C:\WINDOWS\System32\IMM32.DLL
0x00007fffde360000 - 0x00007fffde36c000 	C:\Program Files\Eclipse Adoptium\jdk-17.0.16.8-hotspot\bin\vcruntime140_1.dll
0x00007fffd7910000 - 0x00007fffd799d000 	C:\Program Files\Eclipse Adoptium\jdk-17.0.16.8-hotspot\bin\msvcp140.dll
0x00007fff02bd0000 - 0x00007fff0383b000 	C:\Program Files\Eclipse Adoptium\jdk-17.0.16.8-hotspot\bin\server\jvm.dll
0x00007ff809f40000 - 0x00007ff809ff4000 	C:\WINDOWS\System32\ADVAPI32.dll
0x00007ff80ad60000 - 0x00007ff80ae06000 	C:\WINDOWS\System32\sechost.dll
0x00007ff80b750000 - 0x00007ff80b868000 	C:\WINDOWS\System32\RPCRT4.dll
0x00007ff809e70000 - 0x00007ff809ee4000 	C:\WINDOWS\System32\WS2_32.dll
0x00007ff807650000 - 0x00007ff8076ae000 	C:\WINDOWS\SYSTEM32\POWRPROF.dll
0x00007ffffe4d0000 - 0x00007ffffe4db000 	C:\WINDOWS\SYSTEM32\VERSION.dll
0x00007ffffc1c0000 - 0x00007ffffc1f5000 	C:\WINDOWS\SYSTEM32\WINMM.dll
0x00007ff807630000 - 0x00007ff807644000 	C:\WINDOWS\SYSTEM32\UMPDC.dll
0x00007ff807910000 - 0x00007ff80792b000 	C:\WINDOWS\SYSTEM32\kernel.appcore.dll
0x00007fffdc4f0000 - 0x00007fffdc4fa000 	C:\Program Files\Eclipse Adoptium\jdk-17.0.16.8-hotspot\bin\jimage.dll
0x00007ff8061b0000 - 0x00007ff8063f2000 	C:\WINDOWS\SYSTEM32\DBGHELP.DLL
0x00007ff8096c0000 - 0x00007ff809a3b000 	C:\WINDOWS\System32\combase.dll
0x00007ff80a160000 - 0x00007ff80a237000 	C:\WINDOWS\System32\OLEAUT32.dll
0x00007fffecad0000 - 0x00007fffecb0d000 	C:\WINDOWS\SYSTEM32\dbgcore.DLL
0x00007ff808bc0000 - 0x00007ff808c59000 	C:\WINDOWS\System32\bcryptPrimitives.dll
0x00007fffdc4e0000 - 0x00007fffdc4ee000 	C:\Program Files\Eclipse Adoptium\jdk-17.0.16.8-hotspot\bin\instrument.dll
0x00007fffd78e0000 - 0x00007fffd7905000 	C:\Program Files\Eclipse Adoptium\jdk-17.0.16.8-hotspot\bin\java.dll
0x00007fffd66c0000 - 0x00007fffd6797000 	C:\Program Files\Eclipse Adoptium\jdk-17.0.16.8-hotspot\bin\jsvml.dll
0x00007ff80ae10000 - 0x00007ff80b55d000 	C:\WINDOWS\System32\SHELL32.dll
0x00007ff809330000 - 0x00007ff80949c000 	C:\WINDOWS\System32\wintypes.dll
0x00007ff806690000 - 0x00007ff806ee9000 	C:\WINDOWS\SYSTEM32\windows.storage.dll
0x00007ff80b5f0000 - 0x00007ff80b6e0000 	C:\WINDOWS\System32\SHCORE.dll
0x00007ff80a650000 - 0x00007ff80a6b2000 	C:\WINDOWS\System32\shlwapi.dll
0x00007ff808970000 - 0x00007ff808999000 	C:\WINDOWS\SYSTEM32\profapi.dll
0x00007fffd7890000 - 0x00007fffd78a8000 	C:\Program Files\Eclipse Adoptium\jdk-17.0.16.8-hotspot\bin\zip.dll
0x00007fffd7870000 - 0x00007fffd7889000 	C:\Program Files\Eclipse Adoptium\jdk-17.0.16.8-hotspot\bin\net.dll
0x00007ffffee90000 - 0x00007ffffefaf000 	C:\WINDOWS\SYSTEM32\WINHTTP.dll
0x00007ff807e70000 - 0x00007ff807edb000 	C:\WINDOWS\system32\mswsock.dll
0x00007fffd7850000 - 0x00007fffd7866000 	C:\Program Files\Eclipse Adoptium\jdk-17.0.16.8-hotspot\bin\nio.dll
0x00007fffd7840000 - 0x00007fffd7850000 	C:\Program Files\Eclipse Adoptium\jdk-17.0.16.8-hotspot\bin\verify.dll
0x00007fffe1580000 - 0x00007fffe15a7000 	C:\Users\Asus\.gradle\native\68d5fa5c4cc2d200863cafc0d521ce42e7d3e7ee720ec0a83991735586a16f82\windows-amd64\native-platform.dll
0x00007fff977f0000 - 0x00007fff97934000 	C:\Users\Asus\.gradle\native\e376f236ea51e6404a007f0833ffe2c6e607c4080706a723a18a27aeea778392\windows-amd64\native-platform-file-events.dll
0x00007fffd7830000 - 0x00007fffd783a000 	C:\Program Files\Eclipse Adoptium\jdk-17.0.16.8-hotspot\bin\management.dll
0x00007fffd7820000 - 0x00007fffd782b000 	C:\Program Files\Eclipse Adoptium\jdk-17.0.16.8-hotspot\bin\management_ext.dll
0x00007ff809690000 - 0x00007ff809698000 	C:\WINDOWS\System32\PSAPI.DLL
0x00007ff808240000 - 0x00007ff80825b000 	C:\WINDOWS\SYSTEM32\CRYPTSP.dll
0x00007ff807870000 - 0x00007ff8078ab000 	C:\WINDOWS\system32\rsaenh.dll
0x00007ff807f10000 - 0x00007ff807f3b000 	C:\WINDOWS\SYSTEM32\USERENV.dll
0x00007ff808940000 - 0x00007ff808966000 	C:\WINDOWS\SYSTEM32\bcrypt.dll
0x00007ff8080a0000 - 0x00007ff8080ac000 	C:\WINDOWS\SYSTEM32\CRYPTBASE.dll
0x00007ff807330000 - 0x00007ff807364000 	C:\WINDOWS\SYSTEM32\IPHLPAPI.DLL
0x00007ff80a6c0000 - 0x00007ff80a6ca000 	C:\WINDOWS\System32\NSI.dll
0x00007fffffd50000 - 0x00007fffffd6e000 	C:\WINDOWS\SYSTEM32\dhcpcsvc6.DLL
0x00007fffffba0000 - 0x00007fffffbc3000 	C:\WINDOWS\SYSTEM32\dhcpcsvc.DLL
0x00007ff807370000 - 0x00007ff807496000 	C:\WINDOWS\SYSTEM32\DNSAPI.dll
0x00007fffd72a0000 - 0x00007fffd72a9000 	C:\Program Files\Eclipse Adoptium\jdk-17.0.16.8-hotspot\bin\extnet.dll
0x00007fffd7150000 - 0x00007fffd715e000 	C:\Program Files\Eclipse Adoptium\jdk-17.0.16.8-hotspot\bin\sunmscapi.dll
0x00007ff808c60000 - 0x00007ff808dd7000 	C:\WINDOWS\System32\CRYPT32.dll
0x00007ff808390000 - 0x00007ff8083c0000 	C:\WINDOWS\SYSTEM32\ncrypt.dll
0x00007ff808340000 - 0x00007ff80837f000 	C:\WINDOWS\SYSTEM32\NTASN1.dll
0x00007fffef670000 - 0x00007fffef678000 	C:\WINDOWS\system32\wshunix.dll

dbghelp: loaded successfully - version: 4.0.5 - missing functions: none
symbol engine: initialized successfully - sym options: 0x614 - pdb path: .;C:\Program Files\Eclipse Adoptium\jdk-17.0.16.8-hotspot\bin;C:\WINDOWS\SYSTEM32;C:\WINDOWS\WinSxS\amd64_microsoft.windows.common-controls_6595b64144ccf1df_6.0.26100.5074_none_3e0d6f78e32fd63f;C:\Program Files\Eclipse Adoptium\jdk-17.0.16.8-hotspot\bin\server;C:\Users\Asus\.gradle\native\68d5fa5c4cc2d200863cafc0d521ce42e7d3e7ee720ec0a83991735586a16f82\windows-amd64;C:\Users\Asus\.gradle\native\e376f236ea51e6404a007f0833ffe2c6e607c4080706a723a18a27aeea778392\windows-amd64

VM Arguments:
jvm_args: -XX:MaxMetaspaceSize=512m --add-opens=java.base/java.util=ALL-UNNAMED --add-opens=java.base/java.lang=ALL-UNNAMED --add-opens=java.base/java.lang.invoke=ALL-UNNAMED --add-opens=java.prefs/java.util.prefs=ALL-UNNAMED --add-opens=java.base/java.nio.charset=ALL-UNNAMED --add-opens=java.base/java.net=ALL-UNNAMED --add-opens=java.base/java.util.concurrent.atomic=ALL-UNNAMED -Xmx2048m -Dfile.encoding=utf8 -Duser.country=TR -Duser.language=tr -Duser.variant -javaagent:C:\Users\Asus\.gradle\wrapper\dists\gradle-8.3-all\6en3ugtfdg5xnpx44z4qbwgas\gradle-8.3\lib\agents\gradle-instrumentation-agent-8.3.jar 
java_command: org.gradle.launcher.daemon.bootstrap.GradleDaemon 8.3
java_class_path (initial): C:\Users\Asus\.gradle\wrapper\dists\gradle-8.3-all\6en3ugtfdg5xnpx44z4qbwgas\gradle-8.3\lib\gradle-launcher-8.3.jar
Launcher Type: SUN_STANDARD

[Global flags]
     intx CICompilerCount                          = 4                                         {product} {ergonomic}
   size_t CompressedClassSpaceSize                 = 436207616                                 {product} {ergonomic}
     uint ConcGCThreads                            = 3                                         {product} {ergonomic}
     uint G1ConcRefinementThreads                  = 10                                        {product} {ergonomic}
   size_t G1HeapRegionSize                         = 1048576                                   {product} {ergonomic}
    uintx GCDrainStackTargetSize                   = 64                                        {product} {ergonomic}
   size_t InitialHeapSize                          = 130023424                                 {product} {ergonomic}
   size_t MarkStackSize                            = 4194304                                   {product} {ergonomic}
   size_t MaxHeapSize                              = 2147483648                                {product} {command line}
   size_t MaxMetaspaceSize                         = 536870912                                 {product} {command line}
   size_t MaxNewSize                               = 1287651328                                {product} {ergonomic}
   size_t MinHeapDeltaBytes                        = 1048576                                   {product} {ergonomic}
   size_t MinHeapSize                              = 8388608                                   {product} {ergonomic}
    uintx NonNMethodCodeHeapSize                   = 5839372                                {pd product} {ergonomic}
    uintx NonProfiledCodeHeapSize                  = 122909434                              {pd product} {ergonomic}
    uintx ProfiledCodeHeapSize                     = 122909434                              {pd product} {ergonomic}
    uintx ReservedCodeCacheSize                    = 251658240                              {pd product} {ergonomic}
     bool SegmentedCodeCache                       = true                                      {product} {ergonomic}
   size_t SoftMaxHeapSize                          = 2147483648                             {manageable} {ergonomic}
     bool UseCompressedClassPointers               = true                           {product lp64_product} {ergonomic}
     bool UseCompressedOops                        = true                           {product lp64_product} {ergonomic}
     bool UseG1GC                                  = true                                      {product} {ergonomic}
     bool UseLargePagesIndividualAllocation        = false                                  {pd product} {ergonomic}

Logging:
Log output configuration:
 #0: stdout all=warning uptime,level,tags
 #1: stderr all=off uptime,level,tags

Environment Variables:
PATH=c:\mingw\bin;c:\mingw\libexec\gcc\i686-pc-mingw32\13.2.0;C:\Users\Asus\gcc\bin;C:\Users\Asus\gcc\libexec\gcc\x86_64-w64-mingw32\13.2.0;C:\Program Files\Common Files\Oracle\Java\javapath;C:\WINDOWS\system32;C:\WINDOWS;C:\WINDOWS\System32\Wbem;C:\WINDOWS\System32\WindowsPowerShell\v1.0\;C:\WINDOWS\System32\OpenSSH\;C:\Program Files\Git\cmd;C:\Program Files (x86)\Microsoft SQL Server\160\Tools\Binn\;C:\Program Files\Microsoft SQL Server\160\Tools\Binn\;C:\Program Files\Microsoft SQL Server\Client SDK\ODBC\170\Tools\Binn\;C:\Program Files\Microsoft SQL Server\160\DTS\Binn\;C:\Program Files\Azure Data Studio\bin;C:\Program Files (x86)\Microsoft SQL Server\160\DTS\Binn\;C:\Program Files\dotnet\;C:\Program Files (x86)\Windows Kits\10\Windows Performance Toolkit\;C:\PROGRA~2\PICC;C:\Users\Asus\anaconda3\envs\ML1\ML_models;C:\Program Files\Docker\Docker\resources\bin;C:\apache-maven-3.9.9;C:\maven\apache-maven-3.9.9\bin;C:\Program Files\MongoDB\Server\7.0\bin;C:\Program Files\MySQL\MySQL Server 8.0\bin;C:\Program Files\MongoDB\Server\7.0\bin;C:\Program Files\MongoDB\Server\8.0\bin;c:\Users\Asus\AppData\Local\Programs\cursor\resources\app\bin;C:\apache-maven-3.9.9\bin;C:\Program Files\nodejs\;C:\Users\Asus\AppData\Local\Programs\Python\Python311\Scripts\;C:\Users\Asus\AppData\Local\Programs\Python\Python311\;C:\Program Files\PostgreSQL\15\bin;C:\Users\Asus\AppData\Local\Programs\Microsoft VS Code\bin;C:\Users\Asus\AppData\Local\Microsoft\WindowsApps;C:\Program Files\JetBrains\IntelliJ IDEA Community Edition 2024.3.1.1\bin;;C:\Users\Asus\mongosh\;C:\Users\Asus\AppData\Local\Programs\cursor\resources\app\bin;C:\Program Files\JetBrains\IntelliJ IDEA 2025.1.1.1\bin;;C:\Users\Asus\.dotnet\tools;C:\Users\Asus\AppData\Roaming\npm
USERNAME=Asus
OS=Windows_NT
PROCESSOR_IDENTIFIER=Intel64 Family 6 Model 141 Stepping 1, GenuineIntel
TMP=C:\Users\Asus\AppData\Local\Temp
TEMP=C:\Users\Asus\AppData\Local\Temp



Periodic native trim disabled


---------------  S Y S T E M  ---------------

OS:
 Windows 11 , 64 bit Build 26100 (10.0.26100.5074)
OS uptime: 28 days 17:50 hours
Hyper-V role detected

CPU: total 12 (initial active 12) (6 cores per cpu, 2 threads per core) family 6 model 141 stepping 1 microcode 0x34, cx8, cmov, fxsr, ht, mmx, 3dnowpref, sse, sse2, sse3, ssse3, sse4.1, sse4.2, popcnt, lzcnt, tsc, tscinvbit, avx, avx2, aes, erms, clmul, bmi1, bmi2, adx, avx512f, avx512dq, avx512cd, avx512bw, avx512vl, sha, fma, vzeroupper, avx512_vpopcntdq, avx512_vpclmulqdq, avx512_vaes, avx512_vnni, clflush, clflushopt, clwb, avx512_vbmi2, avx512_vbmi, hv
Processor Information for all 12 processors :
  Max Mhz: 2688, Current Mhz: 2688, Mhz Limit: 2688

Memory: 4k page, system-wide physical 7914M (635M free)
TotalPageFile size 32490M (AvailPageFile size 280M)
current process WorkingSet (physical memory assigned to process): 463M, peak: 495M
current process commit charge ("private bytes"): 503M, peak: 908M

vm_info: OpenJDK 64-Bit Server VM (17.0.16+8) for windows-amd64 JRE (17.0.16+8), built on Jul 16 2025 10:37:56 by "admin" with MS VC++ 17.7 (VS2022)

END.
